heartbeat;C:\Users\Jack\Workspace\Squerrilla Warfare\Repository\Squerrilla Warfare\Assets\NetworkManager.cs;15;4/18/2015 1:31:53 PM
heartbeat;C:\Users\Jack\Workspace\Squerrilla Warfare\Repository\Squerrilla Warfare\Assets\NetworkManager.cs;12;4/18/2015 1:31:55 PM
heartbeat;C:\Users\Jack\Workspace\Squerrilla Warfare\Repository\Squerrilla Warfare\Assets\NetworkManager.cs;15;4/18/2015 1:32:22 PM
heartbeat;C:\Users\Jack\Workspace\Squerrilla Warfare\Repository\Squerrilla Warfare\Assets\NetworkManager.cs;13;4/18/2015 1:32:46 PM
heartbeat;C:\Users\Jack\Workspace\Squerrilla Warfare\Repository\Squerrilla Warfare\Assets\NetworkManager.cs;11;4/18/2015 1:32:48 PM
heartbeat;C:\Users\Jack\Workspace\Squerrilla Warfare\Repository\Squerrilla Warfare\Assets\NetworkManager.cs;6;4/18/2015 1:32:51 PM
heartbeat;C:\Users\Jack\Workspace\Squerrilla Warfare\Repository\Squerrilla Warfare\Assets\NetworkManager.cs;1;4/18/2015 1:32:54 PM
heartbeat;C:\Users\Jack\Workspace\Squerrilla Warfare\Repository\Squerrilla Warfare\Assets\NetworkManager.cs;5;4/18/2015 1:32:55 PM
heartbeat;C:\Users\Jack\Workspace\Squerrilla Warfare\Repository\Squerrilla Warfare\Assets\NetworkManager.cs;11;4/18/2015 1:33:01 PM
heartbeat;C:\Users\Jack\Workspace\Squerrilla Warfare\Repository\Squerrilla Warfare\Assets\NetworkManager.cs;5;4/18/2015 1:33:04 PM
heartbeat;C:\Users\Jack\Workspace\Squerrilla Warfare\Repository\Squerrilla Warfare\Assets\NetworkManager.cs;8;4/18/2015 1:33:05 PM
heartbeat;C:\Users\Jack\Workspace\Squerrilla Warfare\Repository\Squerrilla Warfare\Assets\NetworkManager.cs;11;4/18/2015 1:33:09 PM
heartbeat;C:\Users\Jack\Workspace\Squerrilla Warfare\Repository\Squerrilla Warfare\Assets\NetworkManager.cs;9;4/18/2015 1:33:28 PM
heartbeat;C:\Users\Jack\Workspace\Squerrilla Warfare\Repository\Squerrilla Warfare\Assets\NetworkManager.cs;12;4/18/2015 1:33:32 PM
heartbeat;C:\Users\Jack\Workspace\Squerrilla Warfare\Repository\Squerrilla Warfare\Assets\NetworkManager.cs;12;4/18/2015 1:35:09 PM
heartbeat;C:\Users\Jack\Workspace\Squerrilla Warfare\Repository\Squerrilla Warfare\Assets\NetworkManager.cs;14;4/18/2015 1:35:17 PM
heartbeat;C:\Users\Jack\Workspace\Squerrilla Warfare\Repository\Squerrilla Warfare\Assets\NetworkManager.cs;13;4/18/2015 1:35:42 PM
heartbeat;C:\Users\Jack\Workspace\Squerrilla Warfare\Repository\Squerrilla Warfare\Assets\NetworkManager.cs;8;4/18/2015 1:36:05 PM
heartbeat;C:\Users\Jack\Workspace\Squerrilla Warfare\Repository\Squerrilla Warfare\Assets\NetworkManager.cs;12;4/18/2015 1:36:19 PM
heartbeat;C:\Users\Jack\Workspace\Squerrilla Warfare\Repository\Squerrilla Warfare\Assets\NetworkManager.cs;7;4/18/2015 1:36:41 PM
heartbeat;C:\Users\Jack\Workspace\Squerrilla Warfare\Repository\Squerrilla Warfare\Assets\NetworkManager.cs;4;4/18/2015 1:36:42 PM
heartbeat;C:\Users\Jack\Workspace\Squerrilla Warfare\Repository\Squerrilla Warfare\Assets\NetworkManager.cs;14;4/18/2015 1:36:43 PM
heartbeat;C:\Users\Jack\Workspace\Squerrilla Warfare\Repository\Squerrilla Warfare\Assets\NetworkManager.cs;17;4/18/2015 1:36:55 PM
heartbeat;C:\Users\Jack\Workspace\Squerrilla Warfare\Repository\Squerrilla Warfare\Assets\NetworkManager.cs;18;4/18/2015 1:37:39 PM
heartbeat;C:\Users\Jack\Workspace\Squerrilla Warfare\Repository\Squerrilla Warfare\Assets\NetworkManager.cs;15;4/18/2015 1:38:31 PM
heartbeat;C:\Users\Jack\Workspace\Squerrilla Warfare\Repository\Squerrilla Warfare\Assets\NetworkManager.cs;19;4/18/2015 1:38:43 PM
heartbeat;C:\Users\Jack\Workspace\Squerrilla Warfare\Repository\Squerrilla Warfare\Assets\NetworkManager.cs;20;4/18/2015 1:38:50 PM
heartbeat;C:\Users\Jack\Workspace\Squerrilla Warfare\Repository\Squerrilla Warfare\Assets\NetworkManager.cs;22;4/18/2015 1:38:51 PM
heartbeat;C:\Users\Jack\Workspace\Squerrilla Warfare\Repository\Squerrilla Warfare\Assets\NetworkManager.cs;17;4/18/2015 1:38:52 PM
heartbeat;C:\Users\Jack\Workspace\Squerrilla Warfare\Repository\Squerrilla Warfare\Assets\NetworkManager.cs;10;4/18/2015 1:38:52 PM
heartbeat;C:\Users\Jack\Workspace\Squerrilla Warfare\Repository\Squerrilla Warfare\Assets\NetworkManager.cs;19;4/18/2015 1:38:53 PM
heartbeat;C:\Users\Jack\Workspace\Unity\Repository\Dystheism\Assets\Code\GUI\Menu\MainMenu.cs;5;4/18/2015 1:42:19 PM
heartbeat;C:\Users\Jack\Workspace\Unity\Repository\Dystheism\Assets\Code\GUI\Menu\MainMenu.cs;31;4/18/2015 1:42:19 PM
heartbeat;C:\Users\Jack\Workspace\Unity\Repository\Dystheism\Assets\Code\GUI\Menu\MainMenu.cs;36;4/18/2015 1:42:21 PM
heartbeat;C:\Users\Jack\Workspace\Unity\Repository\Dystheism\Assets\Code\GUI\Menu\MainMenu.cs;43;4/18/2015 1:42:22 PM
heartbeat;C:\Users\Jack\Workspace\Unity\Repository\Dystheism\Assets\Code\GUI\Menu\MainMenu.cs;38;4/18/2015 1:42:22 PM
heartbeat;C:\Users\Jack\Workspace\Unity\Repository\Dystheism\Assets\Code\GUI\Menu\MainMenu.cs;40;4/18/2015 1:42:31 PM
heartbeat;C:\Users\Jack\Workspace\Unity\Repository\Dystheism\Assets\Code\GUI\Menu\MainMenu.cs;41;4/18/2015 1:42:50 PM
heartbeat;C:\Users\Jack\Workspace\Squerrilla Warfare\Repository\Squerrilla Warfare\Assets\NetworkManager.cs;22;4/18/2015 1:51:39 PM
heartbeat;C:\Users\Jack\Workspace\Squerrilla Warfare\Repository\Squerrilla Warfare\Assets\NetworkManager.cs;19;4/18/2015 1:51:42 PM
heartbeat;C:\Users\Jack\Workspace\Squerrilla Warfare\Repository\Squerrilla Warfare\Assets\NetworkManager.cs;9;4/18/2015 1:52:16 PM
heartbeat;C:\Users\Jack\Workspace\Squerrilla Warfare\Repository\Squerrilla Warfare\Assets\NetworkManager.cs;19;4/18/2015 1:52:22 PM
heartbeat;C:\Users\Jack\Workspace\Squerrilla Warfare\Repository\Squerrilla Warfare\Assets\NetworkManager.cs;20;4/18/2015 1:52:40 PM
heartbeat;C:\Users\Jack\Workspace\Squerrilla Warfare\Repository\Squerrilla Warfare\Assets\NetworkManager.cs;20;4/18/2015 1:53:05 PM
heartbeat;C:\Users\Jack\Workspace\Squerrilla Warfare\Repository\Squerrilla Warfare\Assets\NetworkManager.cs;22;4/18/2015 1:53:11 PM
heartbeat;C:\Users\Jack\Workspace\Squerrilla Warfare\Repository\Squerrilla Warfare\Assets\NetworkManager.cs;25;4/18/2015 1:53:16 PM
heartbeat;C:\Users\Jack\Workspace\Squerrilla Warfare\Repository\Squerrilla Warfare\Assets\NetworkManager.cs;23;4/18/2015 1:55:15 PM
heartbeat;C:\Users\Jack\Workspace\Squerrilla Warfare\Repository\Squerrilla Warfare\Assets\NetworkManager.cs;20;4/18/2015 1:55:17 PM
heartbeat;C:\Users\Jack\Workspace\Squerrilla Warfare\Repository\Squerrilla Warfare\Assets\NetworkManager.cs;22;4/18/2015 1:55:18 PM
heartbeat;C:\Users\Jack\Workspace\Squerrilla Warfare\Repository\Squerrilla Warfare\Assets\NetworkManager.cs;26;4/18/2015 1:55:28 PM
heartbeat;C:\Users\Jack\Workspace\Squerrilla Warfare\Repository\Squerrilla Warfare\Assets\NetworkManager.cs;26;4/18/2015 1:55:33 PM
heartbeat;C:\Users\Jack\Workspace\Squerrilla Warfare\Repository\Squerrilla Warfare\Assets\NetworkManager.cs;23;4/18/2015 1:55:51 PM
heartbeat;C:\Users\Jack\Workspace\Squerrilla Warfare\Repository\Squerrilla Warfare\Assets\NetworkManager.cs;22;4/18/2015 1:55:56 PM
heartbeat;C:\Users\Jack\Workspace\Squerrilla Warfare\Repository\Squerrilla Warfare\Assets\NetworkManager.cs;26;4/18/2015 1:56:04 PM
heartbeat;C:\Users\Jack\Workspace\Squerrilla Warfare\Repository\Squerrilla Warfare\Assets\NetworkManager.cs;19;4/18/2015 1:56:18 PM
heartbeat;C:\Users\Jack\Workspace\Squerrilla Warfare\Repository\Squerrilla Warfare\Assets\NetworkManager.cs;16;4/18/2015 1:56:21 PM
heartbeat;C:\Users\Jack\Workspace\Squerrilla Warfare\Repository\Squerrilla Warfare\Assets\NetworkManager.cs;24;4/18/2015 1:56:23 PM
heartbeat;C:\Users\Jack\Workspace\Squerrilla Warfare\Repository\Squerrilla Warfare\Assets\NetworkManager.cs;17;4/18/2015 1:56:57 PM
heartbeat;C:\Users\Jack\Workspace\Squerrilla Warfare\Repository\Squerrilla Warfare\Assets\NetworkManager.cs;24;4/18/2015 1:57:24 PM
heartbeat;C:\Users\Jack\Workspace\Squerrilla Warfare\Repository\Squerrilla Warfare\Assets\NetworkManager.cs;24;4/18/2015 1:57:26 PM
heartbeat;C:\Users\Jack\Workspace\Squerrilla Warfare\Repository\Squerrilla Warfare\Assets\NetworkManager.cs;20;4/18/2015 1:57:34 PM
heartbeat;C:\Users\Jack\Workspace\Squerrilla Warfare\Repository\Squerrilla Warfare\Assets\NetworkManager.cs;23;4/18/2015 1:58:08 PM
heartbeat;C:\Users\Jack\Workspace\Squerrilla Warfare\Repository\Squerrilla Warfare\Assets\NetworkManager.cs;20;4/18/2015 1:58:30 PM
heartbeat;C:\Users\Jack\Workspace\Squerrilla Warfare\Repository\Squerrilla Warfare\Assets\NetworkManager.cs;23;4/18/2015 1:58:34 PM
heartbeat;C:\Users\Jack\Workspace\Squerrilla Warfare\Repository\Squerrilla Warfare\Assets\NetworkManager.cs;20;4/18/2015 1:58:36 PM
heartbeat;C:\Users\Jack\Workspace\Squerrilla Warfare\Repository\Squerrilla Warfare\Assets\NetworkManager.cs;17;4/18/2015 1:58:48 PM
heartbeat;C:\Users\Jack\Workspace\Squerrilla Warfare\Repository\Squerrilla Warfare\Assets\NetworkManager.cs;21;4/18/2015 1:58:53 PM
heartbeat;C:\Users\Jack\Workspace\Squerrilla Warfare\Repository\Squerrilla Warfare\Assets\NetworkManager.cs;18;4/18/2015 1:58:56 PM
heartbeat;C:\Users\Jack\Workspace\Squerrilla Warfare\Repository\Squerrilla Warfare\Assets\NetworkManager.cs;13;4/18/2015 1:58:59 PM
heartbeat;C:\Users\Jack\Workspace\Squerrilla Warfare\Repository\Squerrilla Warfare\Assets\NetworkManager.cs;18;4/18/2015 1:59:00 PM
heartbeat;C:\Users\Jack\Workspace\Squerrilla Warfare\Repository\Squerrilla Warfare\Assets\NetworkManager.cs;13;4/18/2015 1:59:03 PM
heartbeat;C:\Users\Jack\Workspace\Squerrilla Warfare\Repository\Squerrilla Warfare\Assets\NetworkManager.cs;21;4/18/2015 1:59:04 PM
heartbeat;C:\Users\Jack\Workspace\Squerrilla Warfare\Repository\Squerrilla Warfare\Assets\NetworkManager.cs;24;4/18/2015 1:59:08 PM
heartbeat;C:\Users\Jack\Workspace\Squerrilla Warfare\Repository\Squerrilla Warfare\Assets\NetworkManager.cs;20;4/18/2015 1:59:21 PM
heartbeat;C:\Users\Jack\Workspace\Squerrilla Warfare\Repository\Squerrilla Warfare\Assets\NetworkManager.cs;24;4/18/2015 1:59:25 PM
heartbeat;C:\Users\Jack\Workspace\Squerrilla Warfare\Repository\Squerrilla Warfare\Assets\NetworkManager.cs;28;4/18/2015 2:00:33 PM
heartbeat;C:\Users\Jack\Workspace\Squerrilla Warfare\Repository\Squerrilla Warfare\Assets\NetworkManager.cs;31;4/18/2015 2:00:44 PM
heartbeat;C:\Users\Jack\Workspace\Squerrilla Warfare\Repository\Squerrilla Warfare\Assets\NetworkManager.cs;22;4/18/2015 2:01:08 PM
heartbeat;C:\Users\Jack\Workspace\Squerrilla Warfare\Repository\Squerrilla Warfare\Assets\NetworkManager.cs;10;4/18/2015 2:01:16 PM
heartbeat;C:\Users\Jack\Workspace\Squerrilla Warfare\Repository\Squerrilla Warfare\Assets\NetworkManager.cs;0;4/18/2015 2:01:25 PM
heartbeat;C:\Users\Jack\Workspace\Squerrilla Warfare\Repository\Squerrilla Warfare\Assets\NetworkManager.cs;29;4/18/2015 2:01:26 PM
heartbeat;C:\Users\Jack\Workspace\Squerrilla Warfare\Repository\Squerrilla Warfare\Assets\NetworkManager.cs;11;4/18/2015 2:01:28 PM
heartbeat;C:\Users\Jack\Workspace\Squerrilla Warfare\Repository\Squerrilla Warfare\Assets\NetworkManager.cs;4;4/18/2015 2:01:35 PM
heartbeat;C:\Users\Jack\Workspace\Squerrilla Warfare\Repository\Squerrilla Warfare\Assets\NetworkManager.cs;27;4/18/2015 2:02:36 PM
heartbeat;C:\Users\Jack\Workspace\Squerrilla Warfare\Repository\Squerrilla Warfare\Assets\NetworkManager.cs;23;4/18/2015 2:02:37 PM
heartbeat;C:\Users\Jack\Workspace\Squerrilla Warfare\Repository\Squerrilla Warfare\Assets\NetworkManager.cs;13;4/18/2015 2:03:14 PM
heartbeat;C:\Users\Jack\Workspace\Squerrilla Warfare\Repository\Squerrilla Warfare\Assets\NetworkManager.cs;32;4/18/2015 2:03:32 PM
heartbeat;C:\Users\Jack\Workspace\Squerrilla Warfare\Repository\Squerrilla Warfare\Assets\NetworkManager.cs;13;4/18/2015 2:03:36 PM
heartbeat;C:\Users\Jack\Workspace\Squerrilla Warfare\Repository\Squerrilla Warfare\Assets\NetworkManager.cs;31;4/18/2015 2:03:42 PM
heartbeat;C:\Users\Jack\Workspace\Squerrilla Warfare\Repository\Squerrilla Warfare\Assets\NetworkManager.cs;13;4/18/2015 2:03:43 PM
heartbeat;C:\Users\Jack\Workspace\Squerrilla Warfare\Repository\Squerrilla Warfare\Assets\NetworkManager.cs;27;4/18/2015 2:03:45 PM
heartbeat;C:\Users\Jack\Workspace\Squerrilla Warfare\Repository\Squerrilla Warfare\Assets\NetworkManager.cs;25;4/18/2015 2:04:22 PM
heartbeat;C:\Users\Jack\Workspace\Squerrilla Warfare\Repository\Squerrilla Warfare\Assets\NetworkManager.cs;28;4/18/2015 2:04:25 PM
heartbeat;C:\Users\Jack\Workspace\Squerrilla Warfare\Repository\Squerrilla Warfare\Assets\NetworkManager.cs;30;4/18/2015 2:04:34 PM
heartbeat;C:\Users\Jack\Workspace\Squerrilla Warfare\Repository\Squerrilla Warfare\Assets\NetworkManager.cs;28;4/18/2015 2:05:06 PM
heartbeat;C:\Users\Jack\Workspace\Squerrilla Warfare\Repository\Squerrilla Warfare\Assets\NetworkManager.cs;28;4/18/2015 2:05:45 PM
heartbeat;C:\Users\Jack\Workspace\Squerrilla Warfare\Repository\Squerrilla Warfare\Assets\NetworkManager.cs;31;4/18/2015 2:05:53 PM
heartbeat;C:\Users\Jack\Workspace\Squerrilla Warfare\Repository\Squerrilla Warfare\Assets\NetworkManager.cs;28;4/18/2015 2:05:54 PM
heartbeat;C:\Users\Jack\Workspace\Squerrilla Warfare\Repository\Squerrilla Warfare\Assets\NetworkManager.cs;32;4/18/2015 2:05:55 PM
heartbeat;C:\Users\Jack\Workspace\Squerrilla Warfare\Repository\Squerrilla Warfare\Assets\NetworkManager.cs;36;4/18/2015 2:06:03 PM
heartbeat;C:\Users\Jack\Workspace\Squerrilla Warfare\Repository\Squerrilla Warfare\Assets\NetworkManager.cs;13;4/18/2015 2:06:06 PM
heartbeat;C:\Users\Jack\Workspace\Squerrilla Warfare\Repository\Squerrilla Warfare\Assets\NetworkManager.cs;18;4/18/2015 2:06:24 PM
heartbeat;C:\Users\Jack\Workspace\Squerrilla Warfare\Repository\Squerrilla Warfare\Assets\NetworkManager.cs;32;4/18/2015 2:06:35 PM
heartbeat;C:\Users\Jack\Workspace\Squerrilla Warfare\Repository\Squerrilla Warfare\Assets\NetworkManager.cs;36;4/18/2015 2:06:43 PM
heartbeat;C:\Users\Jack\Workspace\Squerrilla Warfare\Repository\Squerrilla Warfare\Assets\NetworkManager.cs;32;4/18/2015 2:06:46 PM
heartbeat;C:\Users\Jack\Workspace\Squerrilla Warfare\Repository\Squerrilla Warfare\Assets\NetworkManager.cs;34;4/18/2015 2:06:49 PM
heartbeat;C:\Users\Jack\Workspace\Squerrilla Warfare\Repository\Squerrilla Warfare\Assets\NetworkManager.cs;21;4/18/2015 2:07:18 PM
heartbeat;C:\Users\Jack\Workspace\Squerrilla Warfare\Repository\Squerrilla Warfare\Assets\NetworkManager.cs;30;4/18/2015 2:07:39 PM
heartbeat;C:\Users\Jack\Workspace\Squerrilla Warfare\Repository\Squerrilla Warfare\Assets\NetworkManager.cs;18;4/18/2015 2:07:41 PM
heartbeat;C:\Users\Jack\Workspace\Squerrilla Warfare\Repository\Squerrilla Warfare\Assets\NetworkManager.cs;37;4/18/2015 2:07:47 PM
heartbeat;C:\Users\Jack\Workspace\Squerrilla Warfare\Repository\Squerrilla Warfare\Assets\NetworkManager.cs;18;4/18/2015 2:07:48 PM
heartbeat;C:\Users\Jack\Workspace\Squerrilla Warfare\Repository\Squerrilla Warfare\Assets\NetworkManager.cs;40;4/18/2015 2:07:59 PM
heartbeat;C:\Users\Jack\Workspace\Squerrilla Warfare\Repository\Squerrilla Warfare\Assets\NetworkManager.cs;33;4/18/2015 2:17:50 PM
heartbeat;C:\Users\Jack\Workspace\Squerrilla Warfare\Repository\Squerrilla Warfare\Assets\NetworkManager.cs;33;4/18/2015 2:17:55 PM
heartbeat;C:\Users\Jack\Workspace\Squerrilla Warfare\Repository\Squerrilla Warfare\Assets\NetworkManager.cs;39;4/18/2015 2:17:56 PM
heartbeat;C:\Users\Jack\Workspace\Squerrilla Warfare\Repository\Squerrilla Warfare\Assets\NetworkManager.cs;34;4/18/2015 2:18:33 PM
heartbeat;C:\Users\Jack\Workspace\Squerrilla Warfare\Repository\Squerrilla Warfare\Assets\NetworkManager.cs;34;4/18/2015 2:35:09 PM
heartbeat;C:\Users\Jack\Workspace\Squerrilla Warfare\Repository\Squerrilla Warfare\Assets/Squirrell.cs;15;4/18/2015 2:39:55 PM
heartbeat;C:\Users\Jack\Workspace\Squerrilla Warfare\Repository\Squerrilla Warfare\Assets/Squirrell.cs;6;4/18/2015 2:40:06 PM
heartbeat;C:\Users\Jack\Workspace\Squerrilla Warfare\Repository\Squerrilla Warfare\Assets/Squirrell.cs;4;4/18/2015 2:40:10 PM
heartbeat;C:\Users\Jack\Workspace\Squerrilla Warfare\Repository\Squerrilla Warfare\Assets/Squirrell.cs;12;4/18/2015 2:40:21 PM
heartbeat;C:\Users\Jack\Workspace\Squerrilla Warfare\Repository\Squerrilla Warfare\Assets/Squirrell.cs;13;4/18/2015 2:40:22 PM
heartbeat;C:\Users\Jack\Workspace\Squerrilla Warfare\Repository\Squerrilla Warfare\Assets/Squirrell.cs;24;4/18/2015 2:40:23 PM
heartbeat;C:\Users\Jack\Workspace\Squerrilla Warfare\Repository\Squerrilla Warfare\Assets/Squirrell.cs;22;4/18/2015 2:40:23 PM
heartbeat;C:\Users\Jack\Workspace\Squerrilla Warfare\Repository\Squerrilla Warfare\Assets/Squirrell.cs;8;4/18/2015 2:40:24 PM
heartbeat;C:\Users\Jack\Workspace\Squerrilla Warfare\Repository\Squerrilla Warfare\Assets/Squirrell.cs;5;4/18/2015 2:40:26 PM
heartbeat;C:\Users\Jack\Workspace\Squerrilla Warfare\Repository\Squerrilla Warfare\Assets/Squirrell.cs;9;4/18/2015 2:40:27 PM
heartbeat;C:\Users\Jack\Workspace\Squerrilla Warfare\Repository\Squerrilla Warfare\Assets/Squirrell.cs;13;4/18/2015 2:40:33 PM
heartbeat;C:\Users\Jack\Workspace\Squerrilla Warfare\Repository\Squerrilla Warfare\Assets/Squirrell.cs;15;4/18/2015 2:40:34 PM
heartbeat;C:\Users\Jack\Workspace\Squerrilla Warfare\Repository\Squerrilla Warfare\Assets/Squirrell.cs;17;4/18/2015 2:40:35 PM
heartbeat;C:\Users\Jack\Workspace\Squerrilla Warfare\Repository\Squerrilla Warfare\Assets/Squirrell.cs;7;4/18/2015 2:40:38 PM
heartbeat;C:\Users\Jack\Workspace\Squerrilla Warfare\Repository\Squerrilla Warfare\Assets/Squirrell.cs;14;4/18/2015 2:40:48 PM
heartbeat;C:\Users\Jack\Workspace\Squerrilla Warfare\Repository\Squerrilla Warfare\Assets/Squirrell.cs;16;4/18/2015 2:40:50 PM
heartbeat;C:\Users\Jack\Workspace\Squerrilla Warfare\Repository\Squerrilla Warfare\Assets/Squirrell.cs;19;4/18/2015 2:40:59 PM
heartbeat;C:\Users\Jack\Workspace\Squerrilla Warfare\Repository\Squerrilla Warfare\Assets/Squirrell.cs;19;4/18/2015 2:41:28 PM
heartbeat;C:\Users\Jack\Workspace\Squerrilla Warfare\Repository\Squerrilla Warfare\Assets/Squirrell.cs;17;4/18/2015 2:41:45 PM
heartbeat;C:\Users\Jack\Workspace\Squerrilla Warfare\Repository\Squerrilla Warfare\Assets/Squirrell.cs;15;4/18/2015 2:41:47 PM
heartbeat;C:\Users\Jack\Workspace\Squerrilla Warfare\Repository\Squerrilla Warfare\Assets/Squirrell.cs;17;4/18/2015 2:41:48 PM
heartbeat;C:\Users\Jack\Workspace\Squerrilla Warfare\Repository\Squerrilla Warfare\Assets\Squirrell.cs;17;4/18/2015 2:42:06 PM
heartbeat;C:\Users\Jack\Workspace\Squerrilla Warfare\Repository\Squerrilla Warfare\Assets\Squirrell.cs;19;4/18/2015 2:42:17 PM
heartbeat;C:\Users\Jack\Workspace\Squerrilla Warfare\Repository\Squerrilla Warfare\Assets\Squirrell.cs;14;4/18/2015 2:42:27 PM
heartbeat;C:\Users\Jack\Workspace\Squerrilla Warfare\Repository\Squerrilla Warfare\Assets\Squirrell.cs;6;4/18/2015 2:42:27 PM
heartbeat;C:\Users\Jack\Workspace\Squerrilla Warfare\Repository\Squerrilla Warfare\Assets\Squirrell.cs;8;4/18/2015 2:42:43 PM
heartbeat;C:\Users\Jack\Workspace\Squerrilla Warfare\Repository\Squerrilla Warfare\Assets\Squirrell.cs;15;4/18/2015 2:42:43 PM
heartbeat;C:\Users\Jack\Workspace\Squerrilla Warfare\Repository\Squerrilla Warfare\Assets\Squirrell.cs;19;4/18/2015 2:42:47 PM
heartbeat;C:\Users\Jack\Workspace\Squerrilla Warfare\Repository\Squerrilla Warfare\Assets\Squirrell.cs;6;4/18/2015 2:45:46 PM
heartbeat;C:\Users\Jack\Workspace\Squerrilla Warfare\Repository\Squerrilla Warfare\Assets\Squirrell.cs;11;4/18/2015 2:46:05 PM
heartbeat;C:\Users\Jack\Workspace\Squerrilla Warfare\Repository\Squerrilla Warfare\Assets\Squirrell.cs;8;4/18/2015 2:46:06 PM
heartbeat;C:\Users\Jack\Workspace\Squerrilla Warfare\Repository\Squerrilla Warfare\Assets\Squirrell.cs;11;4/18/2015 2:46:09 PM
heartbeat;C:\Users\Jack\Workspace\Squerrilla Warfare\Repository\Squerrilla Warfare\Assets\Squirrell.cs;20;4/18/2015 2:46:11 PM
heartbeat;C:\Users\Jack\Workspace\Squerrilla Warfare\Repository\Squerrilla Warfare\Assets\Squirrell.cs;16;4/18/2015 2:46:15 PM
heartbeat;C:\Users\Jack\Workspace\Squerrilla Warfare\Repository\Squerrilla Warfare\Assets\Squirrell.cs;13;4/18/2015 2:46:16 PM
heartbeat;C:\Users\Jack\Workspace\Squerrilla Warfare\Repository\Squerrilla Warfare\Assets\Squirrell.cs;19;4/18/2015 2:46:21 PM
heartbeat;C:\Users\Jack\Workspace\Squerrilla Warfare\Repository\Squerrilla Warfare\Assets\Squirrell.cs;8;4/18/2015 2:46:24 PM
heartbeat;C:\Users\Jack\Workspace\Squerrilla Warfare\Repository\Squerrilla Warfare\Assets\Squirrell.cs;16;4/18/2015 2:46:36 PM
heartbeat;C:\Users\Jack\Workspace\Squerrilla Warfare\Repository\Squerrilla Warfare\Assets\Squirrell.cs;13;4/18/2015 2:46:37 PM
heartbeat;C:\Users\Jack\Workspace\Squerrilla Warfare\Repository\Squerrilla Warfare\Assets\Squirrell.cs;9;4/18/2015 2:46:38 PM
heartbeat;C:\Users\Jack\Workspace\Squerrilla Warfare\Repository\Squerrilla Warfare\Assets\Squirrell.cs;13;4/18/2015 2:46:40 PM
heartbeat;C:\Users\Jack\Workspace\Squerrilla Warfare\Repository\Squerrilla Warfare\Assets\Squirrell.cs;15;4/18/2015 2:46:42 PM
heartbeat;C:\Users\Jack\Workspace\Squerrilla Warfare\Repository\Squerrilla Warfare\Assets\Squirrell.cs;20;4/18/2015 2:46:47 PM
heartbeat;C:\Users\Jack\Workspace\Squerrilla Warfare\Repository\Squerrilla Warfare\Assets\Squirrell.cs;8;4/18/2015 2:46:48 PM
heartbeat;C:\Users\Jack\Workspace\Squerrilla Warfare\Repository\Squerrilla Warfare\Assets\Squirrell.cs;12;4/18/2015 2:46:56 PM
heartbeat;C:\Users\Jack\Workspace\Squerrilla Warfare\Repository\Squerrilla Warfare\Assets\Squirrell.cs;10;4/18/2015 2:46:57 PM
heartbeat;C:\Users\Jack\Workspace\Squerrilla Warfare\Repository\Squerrilla Warfare\Assets\Squirrell.cs;12;4/18/2015 2:46:59 PM
heartbeat;C:\Users\Jack\Workspace\Squerrilla Warfare\Repository\Squerrilla Warfare\Assets\Squirrell.cs;14;4/18/2015 2:47:02 PM
heartbeat;C:\Users\Jack\Workspace\Squerrilla Warfare\Repository\Squerrilla Warfare\Assets\Squirrell.cs;16;4/18/2015 2:47:03 PM
heartbeat;C:\Users\Jack\Workspace\Squerrilla Warfare\Repository\Squerrilla Warfare\Assets\Squirrell.cs;18;4/18/2015 2:47:04 PM
heartbeat;C:\Users\Jack\Workspace\Squerrilla Warfare\Repository\Squerrilla Warfare\Assets\Squirrell.cs;8;4/18/2015 3:02:36 PM
heartbeat;C:\Users\Jack\Workspace\Squerrilla Warfare\Repository\Squerrilla Warfare\Assets\Squirrell.cs;4;4/18/2015 3:11:22 PM
heartbeat;C:\Users\Jack\Workspace\Squerrilla Warfare\Repository\Squerrilla Warfare\Assets\Squirrell.cs;4;4/18/2015 3:11:31 PM
heartbeat;C:\Users\Jack\Workspace\Squerrilla Warfare\Repository\Squerrilla Warfare\Assets\Squirrell.cs;5;4/18/2015 3:11:42 PM
heartbeat;C:\Users\Jack\Workspace\Squerrilla Warfare\Repository\Squerrilla Warfare\Assets\Squirrell.cs;7;4/18/2015 3:11:44 PM
heartbeat;C:\Users\Jack\Workspace\Squerrilla Warfare\Repository\Squerrilla Warfare\Assets\Squirrell.cs;5;4/18/2015 3:11:45 PM
heartbeat;C:\Users\Jack\Workspace\Squerrilla Warfare\Repository\Squerrilla Warfare\Assets\Squirrell.cs;1;4/18/2015 3:11:47 PM
heartbeat;C:\Users\Jack\Workspace\Squerrilla Warfare\Repository\Squerrilla Warfare\Assets\Squirrell.cs;4;4/18/2015 3:11:48 PM
heartbeat;C:\Users\Jack\Workspace\Squerrilla Warfare\Repository\Squerrilla Warfare\Assets\Squirrell.cs;7;4/18/2015 3:11:49 PM
heartbeat;C:\Users\Jack\Workspace\Squerrilla Warfare\Repository\Squerrilla Warfare\Assets\Squirrell.cs;4;4/18/2015 3:12:00 PM
heartbeat;C:\Users\Jack\Workspace\Squerrilla Warfare\Repository\Squerrilla Warfare\Assets\Squirrell.cs;8;4/18/2015 3:12:06 PM
heartbeat;C:\Users\Jack\Workspace\Squerrilla Warfare\Repository\Squerrilla Warfare\Assets\Squirrell.cs;11;4/18/2015 3:12:15 PM
heartbeat;C:\Users\Jack\Workspace\Squerrilla Warfare\Repository\Squerrilla Warfare\Assets\Squirrell.cs;6;4/18/2015 3:12:22 PM
heartbeat;C:\Users\Jack\Workspace\Squerrilla Warfare\Repository\Squerrilla Warfare\Assets\Squirrell.cs;7;4/18/2015 3:12:28 PM
heartbeat;C:\Users\Jack\Workspace\Squerrilla Warfare\Repository\Squerrilla Warfare\Assets\Squirrell.cs;4;4/18/2015 3:12:49 PM
heartbeat;C:\Users\Jack\Workspace\Squerrilla Warfare\Repository\Squerrilla Warfare\Assets\Squirrell.cs;7;4/18/2015 3:13:53 PM
heartbeat;C:\Users\Jack\Workspace\Squerrilla Warfare\Repository\Squerrilla Warfare\Assets\Squirrell.cs;11;4/18/2015 3:13:53 PM
heartbeat;C:\Users\Jack\Workspace\Squerrilla Warfare\Repository\Squerrilla Warfare\Assets\Squirrell.cs;7;4/18/2015 3:14:14 PM
heartbeat;C:\Users\Jack\Workspace\Squerrilla Warfare\Repository\Squerrilla Warfare\Assets\Squirrell.cs;14;4/18/2015 3:14:20 PM
heartbeat;C:\Users\Jack\Workspace\Squerrilla Warfare\Repository\Squerrilla Warfare\Assets\Squirrell.cs;8;4/18/2015 3:14:21 PM
heartbeat;C:\Users\Jack\Workspace\Squerrilla Warfare\Repository\Squerrilla Warfare\Assets\Squirrell.cs;14;4/18/2015 3:14:22 PM
heartbeat;C:\Users\Jack\Workspace\Squerrilla Warfare\Repository\Squerrilla Warfare\Assets\Squirrell.cs;9;4/18/2015 3:14:23 PM
heartbeat;C:\Users\Jack\Workspace\Squerrilla Warfare\Repository\Squerrilla Warfare\Assets\Squirrell.cs;22;4/18/2015 3:15:20 PM
heartbeat;C:\Users\Jack\Workspace\Squerrilla Warfare\Repository\Squerrilla Warfare\Assets\Squirrell.cs;28;4/18/2015 3:15:21 PM
heartbeat;C:\Users\Jack\Workspace\Squerrilla Warfare\Repository\Squerrilla Warfare\Assets\Squirrell.cs;10;4/18/2015 3:15:26 PM
heartbeat;C:\Users\Jack\Workspace\Squerrilla Warfare\Repository\Squerrilla Warfare\Assets\Squirrell.cs;10;4/18/2015 3:15:30 PM
heartbeat;C:\Users\Jack\Workspace\Squerrilla Warfare\Repository\Squerrilla Warfare\Assets\NetworkManager.cs;11;4/18/2015 3:15:43 PM
heartbeat;C:\Users\Jack\Workspace\Squerrilla Warfare\Repository\Squerrilla Warfare\Assets\NetworkManager.cs;25;4/18/2015 3:15:57 PM
heartbeat;C:\Users\Jack\Workspace\Squerrilla Warfare\Repository\Squerrilla Warfare\Assets\NetworkManager.cs;17;4/18/2015 3:15:59 PM
heartbeat;C:\Users\Jack\Workspace\Squerrilla Warfare\Repository\Squerrilla Warfare\Assets\NetworkManager.cs;24;4/18/2015 3:16:05 PM
heartbeat;C:\Users\Jack\Workspace\Squerrilla Warfare\Repository\Squerrilla Warfare\Assets\NetworkManager.cs;28;4/18/2015 3:16:29 PM
heartbeat;C:\Users\Jack\Workspace\Squerrilla Warfare\Repository\Squerrilla Warfare\Assets\NetworkManager.cs;26;4/18/2015 3:16:29 PM
heartbeat;C:\Users\Jack\Workspace\Squerrilla Warfare\Repository\Squerrilla Warfare\Assets\NetworkManager.cs;14;4/18/2015 3:16:30 PM
heartbeat;C:\Users\Jack\Workspace\Squerrilla Warfare\Repository\Squerrilla Warfare\Assets\NetworkManager.cs;26;4/18/2015 3:16:47 PM
heartbeat;C:\Users\Jack\Workspace\Squerrilla Warfare\Repository\Squerrilla Warfare\Assets\NetworkManager.cs;38;4/18/2015 3:16:49 PM
heartbeat;C:\Users\Jack\Workspace\Squerrilla Warfare\Repository\Squerrilla Warfare\Assets\NetworkManager.cs;35;4/18/2015 3:16:50 PM
heartbeat;C:\Users\Jack\Workspace\Squerrilla Warfare\Repository\Squerrilla Warfare\Assets\NetworkManager.cs;26;4/18/2015 3:16:51 PM
heartbeat;C:\Users\Jack\Workspace\Squerrilla Warfare\Repository\Squerrilla Warfare\Assets\NetworkManager.cs;28;4/18/2015 3:17:02 PM
heartbeat;C:\Users\Jack\Workspace\Squerrilla Warfare\Repository\Squerrilla Warfare\Assets\NetworkManager.cs;26;4/18/2015 3:17:07 PM
heartbeat;C:\Users\Jack\Workspace\Squerrilla Warfare\Repository\Squerrilla Warfare\Assets\NetworkManager.cs;14;4/18/2015 3:17:09 PM
heartbeat;C:\Users\Jack\Workspace\Squerrilla Warfare\Repository\Squerrilla Warfare\Assets\NetworkManager.cs;28;4/18/2015 3:17:13 PM
heartbeat;C:\Users\Jack\Workspace\Squerrilla Warfare\Repository\Squerrilla Warfare\Assets\NetworkManager.cs;6;4/18/2015 3:17:16 PM
heartbeat;C:\Users\Jack\Workspace\Squerrilla Warfare\Repository\Squerrilla Warfare\Assets\NetworkManager.cs;9;4/18/2015 3:17:18 PM
heartbeat;C:\Users\Jack\Workspace\Squerrilla Warfare\Repository\Squerrilla Warfare\Assets\NetworkManager.cs;6;4/18/2015 3:17:20 PM
heartbeat;C:\Users\Jack\Workspace\Squerrilla Warfare\Repository\Squerrilla Warfare\Assets\NetworkManager.cs;10;4/18/2015 3:24:30 PM
heartbeat;C:\Users\Jack\Workspace\Squerrilla Warfare\Repository\Squerrilla Warfare\Assets\NetworkManager.cs;13;4/18/2015 3:24:32 PM
heartbeat;C:\Users\Jack\Workspace\Squerrilla Warfare\Repository\Squerrilla Warfare\Assets\NetworkManager.cs;15;4/18/2015 3:25:25 PM
heartbeat;C:\Users\Jack\Workspace\Squerrilla Warfare\Repository\Squerrilla Warfare\Assets\NetworkManager.cs;41;4/18/2015 3:25:27 PM
heartbeat;C:\Users\Jack\Workspace\Squerrilla Warfare\Repository\Squerrilla Warfare\Assets\NetworkManager.cs;38;4/18/2015 3:25:28 PM
heartbeat;C:\Users\Jack\Workspace\Squerrilla Warfare\Repository\Squerrilla Warfare\Assets\NetworkManager.cs;40;4/18/2015 3:25:41 PM
heartbeat;C:\Users\Jack\Workspace\Squerrilla Warfare\Repository\Squerrilla Warfare\Assets\NetworkManager.cs;43;4/18/2015 3:26:56 PM
heartbeat;C:\Users\Jack\Workspace\Squerrilla Warfare\Repository\Squerrilla Warfare\Assets\NetworkManager.cs;41;4/18/2015 3:26:58 PM
heartbeat;C:\Users\Jack\Workspace\Squerrilla Warfare\Repository\Squerrilla Warfare\Assets\NetworkManager.cs;43;4/18/2015 3:26:59 PM
heartbeat;C:\Users\Jack\Workspace\Squerrilla Warfare\Repository\Squerrilla Warfare\Assets\NetworkManager.cs;45;4/18/2015 3:26:59 PM
heartbeat;C:\Users\Jack\Workspace\Squerrilla Warfare\Repository\Squerrilla Warfare\Assets/Assets.cs;12;4/18/2015 3:30:57 PM
heartbeat;C:\Users\Jack\Workspace\Squerrilla Warfare\Repository\Squerrilla Warfare\Assets/Assets.cs;1;4/18/2015 3:30:58 PM
heartbeat;C:\Users\Jack\Workspace\Squerrilla Warfare\Repository\Squerrilla Warfare\Assets/Assets.cs;12;4/18/2015 3:30:59 PM
heartbeat;C:\Users\Jack\Workspace\Squerrilla Warfare\Repository\Squerrilla Warfare\Assets/Assets.cs;1;4/18/2015 3:31:28 PM
heartbeat;C:\Users\Jack\Workspace\Squerrilla Warfare\Repository\Squerrilla Warfare\Assets/Assets.cs;6;4/18/2015 3:31:32 PM
heartbeat;C:\Users\Jack\Workspace\Squerrilla Warfare\Repository\Squerrilla Warfare\Assets\Assets.cs;15;4/18/2015 3:31:39 PM
heartbeat;C:\Users\Jack\Workspace\Squerrilla Warfare\Repository\Squerrilla Warfare\Assets\Assets.cs;6;4/18/2015 3:31:40 PM
heartbeat;C:\Users\Jack\Workspace\Squerrilla Warfare\Repository\Squerrilla Warfare\Assets\Assets.cs;8;4/18/2015 3:31:40 PM
heartbeat;C:\Users\Jack\Workspace\Squerrilla Warfare\Repository\Squerrilla Warfare\Assets\Assets.cs;6;4/18/2015 3:31:41 PM
heartbeat;C:\Users\Jack\Workspace\Squerrilla Warfare\Repository\Squerrilla Warfare\Assets\Assets.cs;4;4/18/2015 3:31:42 PM
heartbeat;C:\Users\Jack\Workspace\Squerrilla Warfare\Repository\Squerrilla Warfare\Assets\Assets.cs;6;4/18/2015 3:31:43 PM
heartbeat;C:\Users\Jack\Workspace\Squerrilla Warfare\Repository\Squerrilla Warfare\Assets\Code\In Game\Squirrell.cs;14;4/18/2015 3:34:30 PM
heartbeat;C:\Users\Jack\Workspace\Squerrilla Warfare\Repository\Squerrilla Warfare\Assets\Code\In Game\Squirrell.cs;8;4/18/2015 3:34:33 PM
heartbeat;C:\Users\Jack\Workspace\Squerrilla Warfare\Repository\Squerrilla Warfare\Assets\Code\In Game\Squirrell.cs;12;4/18/2015 3:34:35 PM
heartbeat;C:\Users\Jack\Workspace\Squerrilla Warfare\Repository\Squerrilla Warfare\Assets\Code\In Game\Squirrell.cs;25;4/18/2015 3:34:37 PM
heartbeat;C:\Users\Jack\Workspace\Squerrilla Warfare\Repository\Squerrilla Warfare\Assets\Code\Assets.cs;6;4/18/2015 3:34:47 PM
heartbeat;C:\Users\Jack\Workspace\Squerrilla Warfare\Repository\Squerrilla Warfare\Assets\Code\Assets.cs;4;4/18/2015 3:34:59 PM
heartbeat;C:\Users\Jack\Workspace\Squerrilla Warfare\Repository\Squerrilla Warfare\Assets\Code\Assets.cs;4;4/18/2015 3:35:01 PM
heartbeat;C:\Users\Jack\Workspace\Squerrilla Warfare\Repository\Squerrilla Warfare\Assets\Code\Assets.cs;6;4/18/2015 3:35:09 PM
heartbeat;C:\Users\Jack\Workspace\Squerrilla Warfare\Repository\Squerrilla Warfare\Assets\Code\Assets.cs;6;4/18/2015 3:35:13 PM
heartbeat;C:\Users\Jack\Workspace\Squerrilla Warfare\Repository\Squerrilla Warfare\Assets\Code\Game.cs;4;4/18/2015 3:35:17 PM
heartbeat;C:\Users\Jack\Workspace\Squerrilla Warfare\Repository\Squerrilla Warfare\Assets\Code\Game.cs;8;4/18/2015 3:35:26 PM
heartbeat;C:\Users\Jack\Workspace\Squerrilla Warfare\Repository\Squerrilla Warfare\Assets\Code\Game.cs;11;4/18/2015 3:35:27 PM
heartbeat;C:\Users\Jack\Workspace\Squerrilla Warfare\Repository\Squerrilla Warfare\Assets\Code\Game.cs;6;4/18/2015 3:35:28 PM
heartbeat;C:\Users\Jack\Workspace\Squerrilla Warfare\Repository\Squerrilla Warfare\Assets\Code\Game.cs;11;4/18/2015 3:35:29 PM
heartbeat;C:\Users\Jack\Workspace\Squerrilla Warfare\Repository\Squerrilla Warfare\Assets\Code\Game.cs;7;4/18/2015 3:35:30 PM
heartbeat;C:\Users\Jack\Workspace\Squerrilla Warfare\Repository\Squerrilla Warfare\Assets\Code\Game.cs;9;4/18/2015 3:35:30 PM
heartbeat;C:\Users\Jack\Workspace\Squerrilla Warfare\Repository\Squerrilla Warfare\Assets\Code\Game.cs;7;4/18/2015 3:35:31 PM
heartbeat;C:\Users\Jack\Workspace\Squerrilla Warfare\Repository\Squerrilla Warfare\Assets\Code\Game.cs;8;4/18/2015 3:35:38 PM
heartbeat;C:\Users\Jack\Workspace\Squerrilla Warfare\Repository\Squerrilla Warfare\Assets\Code\Game.cs;6;4/18/2015 3:35:47 PM
heartbeat;C:\Users\Jack\Workspace\Squerrilla Warfare\Repository\Squerrilla Warfare\Assets\Code\Game.cs;11;4/18/2015 3:35:54 PM
heartbeat;C:\Users\Jack\Workspace\Squerrilla Warfare\Repository\Squerrilla Warfare\Assets\Code\Game.cs;6;4/18/2015 3:35:57 PM
heartbeat;C:\Users\Jack\Workspace\Squerrilla Warfare\Repository\Squerrilla Warfare\Assets\Code\Game.cs;9;4/18/2015 3:36:07 PM
heartbeat;C:\Users\Jack\Workspace\Squerrilla Warfare\Repository\Squerrilla Warfare\Assets\Code\Game.cs;12;4/18/2015 3:37:01 PM
heartbeat;C:\Users\Jack\Workspace\Squerrilla Warfare\Repository\Squerrilla Warfare\Assets\Code\Game.cs;9;4/18/2015 3:37:02 PM
heartbeat;C:\Users\Jack\Workspace\Squerrilla Warfare\Repository\Squerrilla Warfare\Assets\Code\Game.cs;1;4/18/2015 3:37:05 PM
heartbeat;C:\Users\Jack\Workspace\Squerrilla Warfare\Repository\Squerrilla Warfare\Assets\Code\Game.cs;7;4/18/2015 3:37:06 PM
heartbeat;C:\Users\Jack\Workspace\Squerrilla Warfare\Repository\Squerrilla Warfare\Assets\Code\Game.cs;9;4/18/2015 3:37:06 PM
heartbeat;C:\Users\Jack\Workspace\Squerrilla Warfare\Repository\Squerrilla Warfare\Assets\Code\Game.cs;3;4/18/2015 3:37:07 PM
heartbeat;C:\Users\Jack\Workspace\Squerrilla Warfare\Repository\Squerrilla Warfare\Assets\Code\Game.cs;6;4/18/2015 3:37:10 PM
heartbeat;C:\Users\Jack\Workspace\Squerrilla Warfare\Repository\Squerrilla Warfare\Assets\Code\Game.cs;4;4/18/2015 3:37:13 PM
heartbeat;C:\Users\Jack\Workspace\Squerrilla Warfare\Repository\Squerrilla Warfare\Assets\Code\Game.cs;7;4/18/2015 3:37:19 PM
heartbeat;C:\Users\Jack\Workspace\Squerrilla Warfare\Repository\Squerrilla Warfare\Assets\Code\Game.cs;4;4/18/2015 3:37:22 PM
heartbeat;C:\Users\Jack\Workspace\Squerrilla Warfare\Repository\Squerrilla Warfare\Assets\Code\Game.cs;7;4/18/2015 3:37:24 PM
heartbeat;C:\Users\Jack\Workspace\Squerrilla Warfare\Repository\Squerrilla Warfare\Assets\Code\Game.cs;5;4/18/2015 3:37:36 PM
heartbeat;C:\Users\Jack\Workspace\Squerrilla Warfare\Repository\Squerrilla Warfare\Assets\Code\Game.cs;9;4/18/2015 3:37:38 PM
heartbeat;C:\Users\Jack\Workspace\Squerrilla Warfare\Repository\Squerrilla Warfare\Assets\Code\Game.cs;4;4/18/2015 3:37:38 PM
heartbeat;C:\Users\Jack\Workspace\Squerrilla Warfare\Repository\Squerrilla Warfare\Assets\Code\Game.cs;6;4/18/2015 3:37:43 PM
heartbeat;C:\Users\Jack\Workspace\Squerrilla Warfare\Repository\Squerrilla Warfare\Assets\Code\Game.cs;8;4/18/2015 3:37:50 PM
heartbeat;C:\Users\Jack\Workspace\Squerrilla Warfare\Repository\Squerrilla Warfare\Assets\Code\Game.cs;11;4/18/2015 3:37:57 PM
heartbeat;C:\Users\Jack\Workspace\Squerrilla Warfare\Repository\Squerrilla Warfare\Assets\Code\In Game\Squirrell.cs;12;4/18/2015 3:39:16 PM
heartbeat;C:\Users\Jack\Workspace\Squerrilla Warfare\Repository\Squerrilla Warfare\Assets\Code\NetworkManager.cs;43;4/18/2015 3:39:46 PM
heartbeat;C:\Users\Jack\Workspace\Squerrilla Warfare\Repository\Squerrilla Warfare\Assets\Code\NetworkManager.cs;47;4/18/2015 3:39:53 PM
heartbeat;C:\Users\Jack\Workspace\Squerrilla Warfare\Repository\Squerrilla Warfare\Assets\Code\NetworkManager.cs;47;4/18/2015 3:41:01 PM
heartbeat;C:\Users\Jack\Workspace\Squerrilla Warfare\Repository\Squerrilla Warfare\Assets\Code\NetworkManager.cs;45;4/18/2015 3:41:12 PM
heartbeat;C:\Users\Jack\Workspace\Squerrilla Warfare\Repository\Squerrilla Warfare\Assets\Code\NetworkManager.cs;42;4/18/2015 3:41:35 PM
heartbeat;C:\Users\Jack\Workspace\Squerrilla Warfare\Repository\Squerrilla Warfare\Assets\Code\NetworkManager.cs;45;4/18/2015 3:41:39 PM
heartbeat;C:\Users\Jack\Workspace\Squerrilla Warfare\Repository\Squerrilla Warfare\Assets\Code\NetworkManager.cs;43;4/18/2015 3:41:42 PM
heartbeat;C:\Users\Jack\Workspace\Squerrilla Warfare\Repository\Squerrilla Warfare\Assets\Code\NetworkManager.cs;44;4/18/2015 3:41:47 PM
heartbeat;C:\Users\Jack\Workspace\Squerrilla Warfare\Repository\Squerrilla Warfare\Assets\Code\NetworkManager.cs;43;4/18/2015 3:41:55 PM
heartbeat;C:\Users\Jack\Workspace\Squerrilla Warfare\Repository\Squerrilla Warfare\Assets\Code\NetworkManager.cs;46;4/18/2015 3:41:56 PM
heartbeat;C:\Users\Jack\Workspace\Squerrilla Warfare\Repository\Squerrilla Warfare\Assets\Code\NetworkManager.cs;44;4/18/2015 3:42:21 PM
heartbeat;C:\Users\Jack\Workspace\Squerrilla Warfare\Repository\Squerrilla Warfare\Assets\Code\NetworkManager.cs;47;4/18/2015 3:42:24 PM
heartbeat;C:\Users\Jack\Workspace\Squerrilla Warfare\Repository\Squerrilla Warfare\Assets\Code\NetworkManager.cs;48;4/18/2015 3:42:25 PM
heartbeat;C:\Users\Jack\Workspace\Squerrilla Warfare\Repository\Squerrilla Warfare\Assets\Code\NetworkManager.cs;46;4/18/2015 3:42:26 PM
heartbeat;C:\Users\Jack\Workspace\Squerrilla Warfare\Repository\Squerrilla Warfare\Assets\Code\NetworkManager.cs;43;4/18/2015 3:42:29 PM
heartbeat;C:\Users\Jack\Workspace\Squerrilla Warfare\Repository\Squerrilla Warfare\Assets\Code\NetworkManager.cs;45;4/18/2015 3:42:29 PM
heartbeat;C:\Users\Jack\Workspace\Squerrilla Warfare\Repository\Squerrilla Warfare\Assets\Code\NetworkManager.cs;43;4/18/2015 3:42:30 PM
heartbeat;C:\Users\Jack\Workspace\Squerrilla Warfare\Repository\Squerrilla Warfare\Assets\Code\NetworkManager.cs;38;4/18/2015 3:42:33 PM
heartbeat;C:\Users\Jack\Workspace\Squerrilla Warfare\Repository\Squerrilla Warfare\Assets\Code\NetworkManager.cs;11;4/18/2015 3:42:35 PM
heartbeat;C:\Users\Jack\Workspace\Squerrilla Warfare\Repository\Squerrilla Warfare\Assets\Code\NetworkManager.cs;30;4/18/2015 3:42:38 PM
heartbeat;C:\Users\Jack\Workspace\Squerrilla Warfare\Repository\Squerrilla Warfare\Assets\Code\NetworkManager.cs;40;4/18/2015 3:43:54 PM
heartbeat;C:\Users\Jack\Workspace\Squerrilla Warfare\Repository\Squerrilla Warfare\Assets\Code\NetworkManager.cs;40;4/18/2015 3:43:57 PM
heartbeat;C:\Users\Jack\Workspace\Squerrilla Warfare\Repository\Squerrilla Warfare\Assets\Code\NetworkManager.cs;47;4/18/2015 3:46:07 PM
heartbeat;C:\Users\Jack\Workspace\Squerrilla Warfare\Repository\Squerrilla Warfare\Assets\Code\NetworkManager.cs;46;4/18/2015 4:00:41 PM
heartbeat;C:\Users\Jack\Workspace\Squerrilla Warfare\Repository\Squerrilla Warfare\Assets\Code\Game.cs;9;4/18/2015 4:00:46 PM
heartbeat;C:\Users\Jack\Workspace\Squerrilla Warfare\Repository\Squerrilla Warfare\Assets\Code\Game.cs;3;4/18/2015 4:00:50 PM
heartbeat;C:\Users\Jack\Workspace\Squerrilla Warfare\Repository\Squerrilla Warfare\Assets\Code\SquirrellaWarfare.cs;10;4/18/2015 4:01:05 PM
heartbeat;C:\Users\Jack\Workspace\Squerrilla Warfare\Repository\Squerrilla Warfare\Assets\Code\SquirrellaWarfare.cs;4;4/18/2015 4:01:06 PM
heartbeat;C:\Users\Jack\Workspace\Squerrilla Warfare\Repository\Squerrilla Warfare\Assets\Code\SquirrellaWarfare.cs;11;4/18/2015 4:01:19 PM
heartbeat;C:\Users\Jack\Workspace\Squerrilla Warfare\Repository\Squerrilla Warfare\Assets\Code\SquirrellaWarfare.cs;3;4/18/2015 4:01:24 PM
heartbeat;C:\Users\Jack\Workspace\Squerrilla Warfare\Repository\Squerrilla Warfare\Assets\Code\Game.cs;9;4/18/2015 4:01:30 PM
heartbeat;C:\Users\Jack\Workspace\Squerrilla Warfare\Repository\Squerrilla Warfare\Assets\Code\Game.cs;9;4/18/2015 4:01:41 PM
heartbeat;C:\Users\Jack\Workspace\Squerrilla Warfare\Repository\Squerrilla Warfare\Assets\Code\Game.cs;13;4/18/2015 4:01:48 PM
heartbeat;C:\Users\Jack\Workspace\Squerrilla Warfare\Repository\Squerrilla Warfare\Assets\Code\NetworkManager.cs;45;4/18/2015 4:02:29 PM
heartbeat;C:\Users\Jack\Workspace\Squerrilla Warfare\Repository\Squerrilla Warfare\Assets\Code\NetworkManager.cs;49;4/18/2015 4:02:36 PM
heartbeat;C:\Users\Jack\Workspace\Squerrilla Warfare\Repository\Squerrilla Warfare\Assets\Code\NetworkManager.cs;46;4/18/2015 4:02:37 PM
heartbeat;C:\Users\Jack\Workspace\Squerrilla Warfare\Repository\Squerrilla Warfare\Assets\Code\NetworkManager.cs;10;4/18/2015 4:02:46 PM
heartbeat;C:\Users\Jack\Workspace\Squerrilla Warfare\Repository\Squerrilla Warfare\Assets\Code\Game.cs;15;4/18/2015 4:02:51 PM
heartbeat;C:\Users\Jack\Workspace\Squerrilla Warfare\Repository\Squerrilla Warfare\Assets\Code\Game.cs;11;4/18/2015 4:02:53 PM
heartbeat;C:\Users\Jack\Workspace\Squerrilla Warfare\Repository\Squerrilla Warfare\Assets\Code\Game.cs;13;4/18/2015 4:02:53 PM
heartbeat;C:\Users\Jack\Workspace\Squerrilla Warfare\Repository\Squerrilla Warfare\Assets\Code\Game.cs;14;4/18/2015 4:02:58 PM
heartbeat;C:\Users\Jack\Workspace\Squerrilla Warfare\Repository\Squerrilla Warfare\Assets\Code\Game.cs;17;4/18/2015 4:03:03 PM
heartbeat;C:\Users\Jack\Workspace\Squerrilla Warfare\Repository\Squerrilla Warfare\Assets\Code\Game.cs;5;4/18/2015 4:03:13 PM
heartbeat;C:\Users\Jack\Workspace\Squerrilla Warfare\Repository\Squerrilla Warfare\Assets\Code\Game.cs;7;4/18/2015 4:03:17 PM
heartbeat;C:\Users\Jack\Workspace\Squerrilla Warfare\Repository\Squerrilla Warfare\Assets\Code\Game.cs;14;4/18/2015 4:03:39 PM
heartbeat;C:\Users\Jack\Workspace\Squerrilla Warfare\Repository\Squerrilla Warfare\Assets\Code\Game.cs;19;4/18/2015 4:03:46 PM
heartbeat;C:\Users\Jack\Workspace\Squerrilla Warfare\Repository\Squerrilla Warfare\Assets\Code\Game.cs;16;4/18/2015 4:03:47 PM
heartbeat;C:\Users\Jack\Workspace\Squerrilla Warfare\Repository\Squerrilla Warfare\Assets\Code\Game.cs;13;4/18/2015 4:03:47 PM
heartbeat;C:\Users\Jack\Workspace\Squerrilla Warfare\Repository\Squerrilla Warfare\Assets\Code\Game.cs;19;4/18/2015 4:03:59 PM
heartbeat;C:\Users\Jack\Workspace\Squerrilla Warfare\Repository\Squerrilla Warfare\Assets\Code\Game.cs;17;4/18/2015 4:04:37 PM
heartbeat;C:\Users\Jack\Workspace\Squerrilla Warfare\Repository\Squerrilla Warfare\Assets\Code\Game.cs;19;4/18/2015 4:04:40 PM
heartbeat;C:\Users\Jack\Workspace\Squerrilla Warfare\Repository\Squerrilla Warfare\Assets\Code\Game.cs;11;4/18/2015 4:18:47 PM
heartbeat;C:\Users\Jack\Workspace\Squerrilla Warfare\Repository\Squerrilla Warfare\Assets\Code\NetworkManager.cs;12;4/18/2015 4:18:51 PM
heartbeat;C:\Users\Jack\Workspace\Squerrilla Warfare\Repository\Squerrilla Warfare\Assets\Code\Game.cs;16;4/18/2015 4:18:54 PM
heartbeat;C:\Users\Jack\Workspace\Squerrilla Warfare\Repository\Squerrilla Warfare\Assets\Code\Game.cs;9;4/18/2015 4:18:56 PM
heartbeat;C:\Users\Jack\Workspace\Squerrilla Warfare\Repository\Squerrilla Warfare\Assets\Code\Game.cs;16;4/18/2015 4:20:46 PM
heartbeat;C:\Users\Jack\Workspace\Squerrilla Warfare\Repository\Squerrilla Warfare\Assets\Code\In Game\Squirrell.cs;7;4/18/2015 4:21:01 PM
heartbeat;C:\Users\Jack\Workspace\Squerrilla Warfare\Repository\Squerrilla Warfare\Assets\Code\In Game\Squirrell.cs;11;4/18/2015 4:21:01 PM
heartbeat;C:\Users\Jack\Workspace\Squerrilla Warfare\Repository\Squerrilla Warfare\Assets\Code\In Game\Squirrell.cs;7;4/18/2015 4:21:14 PM
heartbeat;C:\Users\Jack\Workspace\Squerrilla Warfare\Repository\Squerrilla Warfare\Assets\Code\In Game\Squirrell.cs;10;4/18/2015 4:21:23 PM
heartbeat;C:\Users\Jack\Workspace\Squerrilla Warfare\Repository\Squerrilla Warfare\Assets\Code\In Game\Squirrell.cs;14;4/18/2015 4:21:25 PM
heartbeat;C:\Users\Jack\Workspace\Squerrilla Warfare\Repository\Squerrilla Warfare\Assets\Code\In Game\Squirrell.cs;12;4/18/2015 4:21:26 PM
heartbeat;C:\Users\Jack\Workspace\Squerrilla Warfare\Repository\Squerrilla Warfare\Assets\Code\In Game\Squirrell.cs;15;4/18/2015 4:21:27 PM
heartbeat;C:\Users\Jack\Workspace\Squerrilla Warfare\Repository\Squerrilla Warfare\Assets\Code\In Game\Squirrell.cs;16;4/18/2015 4:21:28 PM
heartbeat;C:\Users\Jack\Workspace\Squerrilla Warfare\Repository\Squerrilla Warfare\Assets\Code\In Game\Squirrell.cs;26;4/18/2015 4:21:49 PM
heartbeat;C:\Users\Jack\Workspace\Squerrilla Warfare\Repository\Squerrilla Warfare\Assets\Code\In Game\Squirrell.cs;23;4/18/2015 4:21:55 PM
heartbeat;C:\Users\Jack\Workspace\Squerrilla Warfare\Repository\Squerrilla Warfare\Assets\Code\In Game\Squirrell.cs;19;4/18/2015 4:21:55 PM
heartbeat;C:\Users\Jack\Workspace\Squerrilla Warfare\Repository\Squerrilla Warfare\Assets\Code\In Game\Squirrell.cs;27;4/18/2015 4:21:56 PM
heartbeat;C:\Users\Jack\Workspace\Squerrilla Warfare\Repository\Squerrilla Warfare\Assets\Code\In Game\Squirrell.cs;20;4/18/2015 4:24:35 PM
heartbeat;C:\Users\Jack\Workspace\Squerrilla Warfare\Repository\Squerrilla Warfare\Assets\Code\In Game\Squirrell.cs;16;4/18/2015 4:24:36 PM
heartbeat;C:\Users\Jack\Workspace\Squerrilla Warfare\Repository\Squerrilla Warfare\Assets\Code\In Game\Squirrell.cs;10;4/18/2015 4:24:37 PM
heartbeat;C:\Users\Jack\Workspace\Squerrilla Warfare\Repository\Squerrilla Warfare\Assets\Code\In Game\Squirrell.cs;26;4/18/2015 4:24:38 PM
heartbeat;C:\Users\Jack\Workspace\Squerrilla Warfare\Repository\Squerrilla Warfare\Assets\Code\In Game\Squirrell.cs;12;4/18/2015 4:24:40 PM
heartbeat;C:\Users\Jack\Workspace\Squerrilla Warfare\Repository\Squerrilla Warfare\Assets\Code\In Game\Squirrell.cs;13;4/18/2015 4:24:43 PM
heartbeat;C:\Users\Jack\Workspace\Squerrilla Warfare\Repository\Squerrilla Warfare\Assets\Code\In Game\Squirrell.cs;25;4/18/2015 4:24:44 PM
heartbeat;C:\Users\Jack\Workspace\Squerrilla Warfare\Repository\Squerrilla Warfare\Assets\Code\In Game\Squirrell.cs;23;4/18/2015 4:24:45 PM
heartbeat;C:\Users\Jack\Workspace\Squerrilla Warfare\Repository\Squerrilla Warfare\Assets\Code\In Game\Squirrell.cs;25;4/18/2015 4:24:46 PM
heartbeat;C:\Users\Jack\Workspace\Squerrilla Warfare\Repository\Squerrilla Warfare\Assets\Code\In Game\Squirrell.cs;24;4/18/2015 4:24:48 PM
heartbeat;C:\Users\Jack\Workspace\Squerrilla Warfare\Repository\Squerrilla Warfare\Assets\Code\In Game\Squirrell.cs;26;4/18/2015 4:24:49 PM
heartbeat;C:\Users\Jack\Workspace\Squerrilla Warfare\Repository\Squerrilla Warfare\Assets\Code\In Game\Squirrell.cs;23;4/18/2015 4:26:07 PM
heartbeat;C:\Users\Jack\Workspace\Squerrilla Warfare\Repository\Squerrilla Warfare\Assets\Code\In Game\Squirrell.cs;25;4/18/2015 4:40:14 PM
heartbeat;C:\Users\Jack\Workspace\Squerrilla Warfare\Repository\Squerrilla Warfare\Assets\Code\In Game\Squirrell.cs;28;4/18/2015 4:40:15 PM
heartbeat;C:\Users\Jack\Workspace\Squerrilla Warfare\Repository\Squerrilla Warfare\Assets\Code\Game.cs;13;4/18/2015 4:40:20 PM
heartbeat;C:\Users\Jack\Workspace\Squerrilla Warfare\Repository\Squerrilla Warfare\Assets\Code\Game.cs;16;4/18/2015 4:40:24 PM
heartbeat;C:\Users\Jack\Workspace\Squerrilla Warfare\Repository\Squerrilla Warfare\Assets\Code\Game.cs;19;4/18/2015 4:40:31 PM
heartbeat;C:\Users\Jack\Workspace\Squerrilla Warfare\Repository\Squerrilla Warfare\Assets/Dystheism GUI Code/ListDisplay.cs;16;4/18/2015 4:49:24 PM
heartbeat;C:\Users\Jack\Workspace\Squerrilla Warfare\Repository\Squerrilla Warfare\Assets/Dystheism GUI Code/ListDisplay.cs;46;4/18/2015 4:49:25 PM
heartbeat;C:\Users\Jack\Workspace\Squerrilla Warfare\Repository\Squerrilla Warfare\Assets/Dystheism GUI Code/ListDisplay.cs;12;4/18/2015 4:49:28 PM
heartbeat;C:\Users\Jack\Workspace\Squerrilla Warfare\Repository\Squerrilla Warfare\Assets/Dystheism GUI Code/ListDisplay.cs;4;4/18/2015 4:49:29 PM
heartbeat;C:\Users\Jack\Workspace\Squerrilla Warfare\Repository\Squerrilla Warfare\Assets/Dystheism GUI Code/ListDisplay.cs;26;4/18/2015 4:50:18 PM
heartbeat;C:\Users\Jack\Workspace\Squerrilla Warfare\Repository\Squerrilla Warfare\Assets/Dystheism GUI Code/ListDisplay.cs;13;4/18/2015 4:50:20 PM
heartbeat;C:\Users\Jack\Workspace\Squerrilla Warfare\Repository\Squerrilla Warfare\Assets/Dystheism GUI Code/ListDisplay.cs;18;4/18/2015 4:52:00 PM
heartbeat;C:\Users\Jack\Workspace\Squerrilla Warfare\Repository\Squerrilla Warfare\Assets/Dystheism GUI Code/ListDisplay.cs;33;4/18/2015 4:52:06 PM
heartbeat;C:\Users\Jack\Workspace\Squerrilla Warfare\Repository\Squerrilla Warfare\Assets/Dystheism GUI Code/ListDisplay.cs;31;4/18/2015 4:52:07 PM
heartbeat;C:\Users\Jack\Workspace\Squerrilla Warfare\Repository\Squerrilla Warfare\Assets/Dystheism GUI Code/ListDisplay.cs;39;4/18/2015 4:52:07 PM
heartbeat;C:\Users\Jack\Workspace\Squerrilla Warfare\Repository\Squerrilla Warfare\Assets/Dystheism GUI Code/ListDisplay.cs;43;4/18/2015 4:52:08 PM
heartbeat;C:\Users\Jack\Workspace\Squerrilla Warfare\Repository\Squerrilla Warfare\Assets/Dystheism GUI Code/ListDisplay.cs;13;4/18/2015 4:52:08 PM
heartbeat;C:\Users\Jack\Workspace\Squerrilla Warfare\Repository\Squerrilla Warfare\Assets/Dystheism GUI Code/ListDisplay.cs;20;4/18/2015 4:52:10 PM
heartbeat;C:\Users\Jack\Workspace\Squerrilla Warfare\Repository\Squerrilla Warfare\Assets/Dystheism GUI Code/ListDisplay.cs;13;4/18/2015 4:52:11 PM
heartbeat;C:\Users\Jack\Workspace\Squerrilla Warfare\Repository\Squerrilla Warfare\Assets/Dystheism GUI Code/ListDisplay.cs;36;4/18/2015 4:52:15 PM
heartbeat;C:\Users\Jack\Workspace\Squerrilla Warfare\Repository\Squerrilla Warfare\Assets/Dystheism GUI Code/ListDisplay.cs;41;4/18/2015 4:52:26 PM
heartbeat;C:\Users\Jack\Workspace\Squerrilla Warfare\Repository\Squerrilla Warfare\Assets/Dystheism GUI Code/ListDisplay.cs;37;4/18/2015 4:52:28 PM
heartbeat;C:\Users\Jack\Workspace\Squerrilla Warfare\Repository\Squerrilla Warfare\Assets/Dystheism GUI Code/ListDisplay.cs;39;4/18/2015 4:52:50 PM
heartbeat;C:\Users\Jack\Workspace\Squerrilla Warfare\Repository\Squerrilla Warfare\Assets/Dystheism GUI Code/ListDisplay.cs;40;4/18/2015 4:53:06 PM
heartbeat;C:\Users\Jack\Workspace\Squerrilla Warfare\Repository\Squerrilla Warfare\Assets/Dystheism GUI Code/ListDisplay.cs;37;4/18/2015 4:53:19 PM
heartbeat;C:\Users\Jack\Workspace\Squerrilla Warfare\Repository\Squerrilla Warfare\Assets/Dystheism GUI Code/ListDisplay.cs;34;4/18/2015 4:53:23 PM
heartbeat;C:\Users\Jack\Workspace\Squerrilla Warfare\Repository\Squerrilla Warfare\Assets/Dystheism GUI Code/ListDisplay.cs;42;4/18/2015 4:53:27 PM
heartbeat;C:\Users\Jack\Workspace\Squerrilla Warfare\Repository\Squerrilla Warfare\Assets/Dystheism GUI Code/ListDisplay.cs;44;4/18/2015 4:53:27 PM
heartbeat;C:\Users\Jack\Workspace\Squerrilla Warfare\Repository\Squerrilla Warfare\Assets/Dystheism GUI Code/ListDisplay.cs;34;4/18/2015 4:53:45 PM
heartbeat;C:\Users\Jack\Workspace\Squerrilla Warfare\Repository\Squerrilla Warfare\Assets/Dystheism GUI Code/ListDisplay.cs;37;4/18/2015 4:53:47 PM
heartbeat;C:\Users\Jack\Workspace\Unity\Repository\Dystheism\Assets\Code\Utilities\Global.cs;5;4/18/2015 4:54:31 PM
heartbeat;C:\Users\Jack\Workspace\Unity\Repository\Dystheism\Assets\Code\Utilities\Global.cs;10;4/18/2015 4:54:32 PM
heartbeat;C:\Users\Jack\Workspace\Unity\Repository\Dystheism\Assets\Code\Utilities\Global.cs;78;4/18/2015 4:54:32 PM
heartbeat;C:\Users\Jack\Workspace\Unity\Repository\Dystheism\Assets\Code\Utilities\Global.cs;80;4/18/2015 4:54:32 PM
heartbeat;C:\Users\Jack\Workspace\Unity\Repository\Dystheism\Assets\Code\Utilities\Global.cs;86;4/18/2015 4:54:34 PM
heartbeat;C:\Users\Jack\Workspace\Unity\Repository\Dystheism\Assets\Code\Utilities\Global.cs;94;4/18/2015 4:54:35 PM
heartbeat;C:\Users\Jack\Workspace\Squerrilla Warfare\Repository\Squerrilla Warfare\Assets/Code/Utilities.cs;13;4/18/2015 4:54:40 PM
heartbeat;C:\Users\Jack\Workspace\Squerrilla Warfare\Repository\Squerrilla Warfare\Assets/Code/Utilities.cs;19;4/18/2015 4:54:41 PM
heartbeat;C:\Users\Jack\Workspace\Squerrilla Warfare\Repository\Squerrilla Warfare\Assets/Code/Utilities.cs;3;4/18/2015 4:54:42 PM
heartbeat;C:\Users\Jack\Workspace\Squerrilla Warfare\Repository\Squerrilla Warfare\Assets/Code/Utilities.cs;9;4/18/2015 4:54:47 PM
heartbeat;C:\Users\Jack\Workspace\Squerrilla Warfare\Repository\Squerrilla Warfare\Assets/Code/Utilities.cs;19;4/18/2015 4:54:48 PM
heartbeat;C:\Users\Jack\Workspace\Squerrilla Warfare\Repository\Squerrilla Warfare\Assets/Code/Utilities.cs;21;4/18/2015 4:54:49 PM
heartbeat;C:\Users\Jack\Workspace\Squerrilla Warfare\Repository\Squerrilla Warfare\Assets/Code/Utilities.cs;14;4/18/2015 4:54:51 PM
heartbeat;C:\Users\Jack\Workspace\Squerrilla Warfare\Repository\Squerrilla Warfare\Assets/Code/Utilities.cs;23;4/18/2015 4:54:53 PM
heartbeat;C:\Users\Jack\Workspace\Squerrilla Warfare\Repository\Squerrilla Warfare\Assets/Code/Utilities.cs;3;4/18/2015 4:54:55 PM
heartbeat;C:\Users\Jack\Workspace\Squerrilla Warfare\Repository\Squerrilla Warfare\Assets/Code/Utilities.cs;9;4/18/2015 4:54:57 PM
heartbeat;C:\Users\Jack\Workspace\Squerrilla Warfare\Repository\Squerrilla Warfare\Assets/Code/Utilities.cs;14;4/18/2015 4:55:02 PM
heartbeat;C:\Users\Jack\Workspace\Squerrilla Warfare\Repository\Squerrilla Warfare\Assets/Code/Utilities.cs;2;4/18/2015 4:55:04 PM
heartbeat;C:\Users\Jack\Workspace\Squerrilla Warfare\Repository\Squerrilla Warfare\Assets\Dystheism GUI Code\ListDisplay.cs;33;4/18/2015 4:55:05 PM
heartbeat;C:\Users\Jack\Workspace\Squerrilla Warfare\Repository\Squerrilla Warfare\Assets\Dystheism GUI Code\ListDisplay.cs;36;4/18/2015 4:55:28 PM
heartbeat;C:\Users\Jack\Workspace\Squerrilla Warfare\Repository\Squerrilla Warfare\Assets\Dystheism GUI Code\ListDisplay.cs;39;4/18/2015 4:55:30 PM
heartbeat;C:\Users\Jack\Workspace\Squerrilla Warfare\Repository\Squerrilla Warfare\Assets\Dystheism GUI Code\ListDisplay.cs;34;4/18/2015 4:55:31 PM
heartbeat;C:\Users\Jack\Workspace\Squerrilla Warfare\Repository\Squerrilla Warfare\Assets\Dystheism GUI Code\ListDisplay.cs;38;4/18/2015 4:55:32 PM
heartbeat;C:\Users\Jack\Workspace\Squerrilla Warfare\Repository\Squerrilla Warfare\Assets\Dystheism GUI Code\ListDisplay.cs;35;4/18/2015 4:55:33 PM
heartbeat;C:\Users\Jack\Workspace\Squerrilla Warfare\Repository\Squerrilla Warfare\Assets\Dystheism GUI Code\ListDisplay.cs;35;4/18/2015 4:55:45 PM
heartbeat;C:\Users\Jack\Workspace\Squerrilla Warfare\Repository\Squerrilla Warfare\Assets\Dystheism GUI Code\ListDisplay.cs;39;4/18/2015 4:55:59 PM
heartbeat;C:\Users\Jack\Workspace\Squerrilla Warfare\Repository\Squerrilla Warfare\Assets\Dystheism GUI Code\ListDisplay.cs;35;4/18/2015 4:56:01 PM
heartbeat;C:\Users\Jack\Workspace\Squerrilla Warfare\Repository\Squerrilla Warfare\Assets\Dystheism GUI Code\ListDisplay.cs;38;4/18/2015 4:56:16 PM
heartbeat;C:\Users\Jack\Workspace\Squerrilla Warfare\Repository\Squerrilla Warfare\Assets\Dystheism GUI Code\ListDisplay.cs;39;4/18/2015 4:56:26 PM
heartbeat;C:\Users\Jack\Workspace\Squerrilla Warfare\Repository\Squerrilla Warfare\Assets\Dystheism GUI Code\ListDisplay.cs;39;4/18/2015 4:56:31 PM
heartbeat;C:\Users\Jack\Workspace\Squerrilla Warfare\Repository\Squerrilla Warfare\Assets\Dystheism GUI Code\ListDisplay.cs;41;4/18/2015 4:56:34 PM
heartbeat;C:\Users\Jack\Workspace\Squerrilla Warfare\Repository\Squerrilla Warfare\Assets\Dystheism GUI Code\ListDisplay.cs;39;4/18/2015 4:56:35 PM
heartbeat;C:\Users\Jack\Workspace\Squerrilla Warfare\Repository\Squerrilla Warfare\Assets\Dystheism GUI Code\ListDisplay.cs;45;4/18/2015 4:56:36 PM
heartbeat;C:\Users\Jack\Workspace\Squerrilla Warfare\Repository\Squerrilla Warfare\Assets\Dystheism GUI Code\ListDisplay.cs;38;4/18/2015 4:56:37 PM
heartbeat;C:\Users\Jack\Workspace\Squerrilla Warfare\Repository\Squerrilla Warfare\Assets\Dystheism GUI Code\ListDisplay.cs;34;4/18/2015 4:56:44 PM
heartbeat;C:\Users\Jack\Workspace\Squerrilla Warfare\Repository\Squerrilla Warfare\Assets\Dystheism GUI Code\ListDisplay.cs;48;4/18/2015 4:56:45 PM
heartbeat;C:\Users\Jack\Workspace\Squerrilla Warfare\Repository\Squerrilla Warfare\Assets\Dystheism GUI Code\ListDisplay.cs;34;4/18/2015 4:56:55 PM
heartbeat;C:\Users\Jack\Workspace\Squerrilla Warfare\Repository\Squerrilla Warfare\Assets\Dystheism GUI Code\ListDisplay.cs;32;4/18/2015 4:56:59 PM
heartbeat;C:\Users\Jack\Workspace\Squerrilla Warfare\Repository\Squerrilla Warfare\Assets\Dystheism GUI Code\ListDisplay.cs;17;4/18/2015 4:57:00 PM
heartbeat;C:\Users\Jack\Workspace\Squerrilla Warfare\Repository\Squerrilla Warfare\Assets\Code\NetworkManager.cs;41;4/18/2015 4:58:35 PM
heartbeat;C:\Users\Jack\Workspace\Squerrilla Warfare\Repository\Squerrilla Warfare\Assets\Code\NetworkManager.cs;45;4/18/2015 4:58:41 PM
heartbeat;C:\Users\Jack\Workspace\Squerrilla Warfare\Repository\Squerrilla Warfare\Assets\Code\NetworkManager.cs;45;4/18/2015 4:58:52 PM
heartbeat;C:\Users\Jack\Workspace\Squerrilla Warfare\Repository\Squerrilla Warfare\Assets\Code\NetworkManager.cs;47;4/18/2015 4:58:52 PM
heartbeat;C:\Users\Jack\Workspace\Squerrilla Warfare\Repository\Squerrilla Warfare\Assets\Code\NetworkManager.cs;37;4/18/2015 4:58:52 PM
heartbeat;C:\Users\Jack\Workspace\Squerrilla Warfare\Repository\Squerrilla Warfare\Assets\Code\NetworkManager.cs;28;4/18/2015 4:58:53 PM
heartbeat;C:\Users\Jack\Workspace\Squerrilla Warfare\Repository\Squerrilla Warfare\Assets\Code\NetworkManager.cs;37;4/18/2015 4:58:58 PM
heartbeat;C:\Users\Jack\Workspace\Squerrilla Warfare\Repository\Squerrilla Warfare\Assets\Code\NetworkManager.cs;41;4/18/2015 4:59:06 PM
heartbeat;C:\Users\Jack\Workspace\Squerrilla Warfare\Repository\Squerrilla Warfare\Assets\Code\NetworkManager.cs;38;4/18/2015 4:59:09 PM
heartbeat;C:\Users\Jack\Workspace\Squerrilla Warfare\Repository\Squerrilla Warfare\Assets\Code\NetworkManager.cs;28;4/18/2015 4:59:11 PM
heartbeat;C:\Users\Jack\Workspace\Squerrilla Warfare\Repository\Squerrilla Warfare\Assets\Code\NetworkManager.cs;39;4/18/2015 4:59:12 PM
heartbeat;C:\Users\Jack\Workspace\Squerrilla Warfare\Repository\Squerrilla Warfare\Assets\Code\NetworkManager.cs;42;4/18/2015 4:59:21 PM
heartbeat;C:\Users\Jack\Workspace\Squerrilla Warfare\Repository\Squerrilla Warfare\Assets\Code\NetworkManager.cs;40;4/18/2015 4:59:22 PM
heartbeat;C:\Users\Jack\Workspace\Squerrilla Warfare\Repository\Squerrilla Warfare\Assets\Code\NetworkManager.cs;42;4/18/2015 4:59:27 PM
heartbeat;C:\Users\Jack\Workspace\Squerrilla Warfare\Repository\Squerrilla Warfare\Assets\Code\NetworkManager.cs;39;4/18/2015 5:00:23 PM
heartbeat;C:\Users\Jack\Workspace\Squerrilla Warfare\Repository\Squerrilla Warfare\Assets\Code\NetworkManager.cs;41;4/18/2015 5:00:47 PM
heartbeat;C:\Users\Jack\Workspace\Squerrilla Warfare\Repository\Squerrilla Warfare\Assets\Code\NetworkManager.cs;43;4/18/2015 5:00:49 PM
heartbeat;C:\Users\Jack\Workspace\Squerrilla Warfare\Repository\Squerrilla Warfare\Assets\Code\NetworkManager.cs;45;4/18/2015 5:01:16 PM
heartbeat;C:\Users\Jack\Workspace\Squerrilla Warfare\Repository\Squerrilla Warfare\Assets\Code\NetworkManager.cs;44;4/18/2015 5:01:27 PM
heartbeat;C:\Users\Jack\Workspace\Squerrilla Warfare\Repository\Squerrilla Warfare\Assets\Code\NetworkManager.cs;46;4/18/2015 5:01:29 PM
heartbeat;C:\Users\Jack\Workspace\Squerrilla Warfare\Repository\Squerrilla Warfare\Assets\Code\NetworkManager.cs;52;4/18/2015 5:03:33 PM
heartbeat;C:\Users\Jack\Workspace\Squerrilla Warfare\Repository\Squerrilla Warfare\Assets\Code\NetworkManager.cs;45;4/18/2015 5:03:34 PM
heartbeat;C:\Users\Jack\Workspace\Squerrilla Warfare\Repository\Squerrilla Warfare\Assets\Code\NetworkManager.cs;43;4/18/2015 5:04:08 PM
heartbeat;C:\Users\Jack\Workspace\Squerrilla Warfare\Repository\Squerrilla Warfare\Assets\Code\NetworkManager.cs;44;4/18/2015 5:04:43 PM
heartbeat;C:\Users\Jack\Workspace\Squerrilla Warfare\Repository\Squerrilla Warfare\Assets\Code\NetworkManager.cs;46;4/18/2015 5:04:46 PM
heartbeat;C:\Users\Jack\Workspace\Squerrilla Warfare\Repository\Squerrilla Warfare\Assets/Code/EnumerableExtensions.cs;195;4/18/2015 5:06:18 PM
heartbeat;C:\Users\Jack\Workspace\Squerrilla Warfare\Repository\Squerrilla Warfare\Assets/Code/EnumerableExtensions.cs;198;4/18/2015 5:06:26 PM
heartbeat;C:\Users\Jack\Workspace\Squerrilla Warfare\Repository\Squerrilla Warfare\Assets/Code/EnumerableExtensions.cs;213;4/18/2015 5:06:30 PM
heartbeat;C:\Users\Jack\Workspace\Squerrilla Warfare\Repository\Squerrilla Warfare\Assets/Code/EnumerableExtensions.cs;221;4/18/2015 5:06:33 PM
heartbeat;C:\Users\Jack\Workspace\Squerrilla Warfare\Repository\Squerrilla Warfare\Assets/Code/EnumerableExtensions.cs;167;4/18/2015 5:06:37 PM
heartbeat;C:\Users\Jack\Workspace\Squerrilla Warfare\Repository\Squerrilla Warfare\Assets/Code/EnumerableExtensions.cs;171;4/18/2015 5:06:41 PM
heartbeat;C:\Users\Jack\Workspace\Squerrilla Warfare\Repository\Squerrilla Warfare\Assets/Code/EnumerableExtensions.cs;168;4/18/2015 5:06:45 PM
heartbeat;C:\Users\Jack\Workspace\Squerrilla Warfare\Repository\Squerrilla Warfare\Assets/Code/EnumerableExtensions.cs;246;4/18/2015 5:06:48 PM
heartbeat;C:\Users\Jack\Workspace\Squerrilla Warfare\Repository\Squerrilla Warfare\Assets/Code/EnumerableExtensions.cs;249;4/18/2015 5:06:54 PM
heartbeat;C:\Users\Jack\Workspace\Squerrilla Warfare\Repository\Squerrilla Warfare\Assets/Code/EnumerableExtensions.cs;245;4/18/2015 5:06:55 PM
heartbeat;C:\Users\Jack\Workspace\Squerrilla Warfare\Repository\Squerrilla Warfare\Assets/Code/EnumerableExtensions.cs;248;4/18/2015 5:06:56 PM
heartbeat;C:\Users\Jack\Workspace\Squerrilla Warfare\Repository\Squerrilla Warfare\Assets/Code/EnumerableExtensions.cs;234;4/18/2015 5:07:04 PM
heartbeat;C:\Users\Jack\Workspace\Squerrilla Warfare\Repository\Squerrilla Warfare\Assets\Code\NetworkManager.cs;45;4/18/2015 5:07:10 PM
heartbeat;C:\Users\Jack\Workspace\Squerrilla Warfare\Repository\Squerrilla Warfare\Assets\Code\NetworkManager.cs;48;4/18/2015 5:07:12 PM
heartbeat;C:\Users\Jack\Workspace\Squerrilla Warfare\Repository\Squerrilla Warfare\Assets\Code\NetworkManager.cs;51;4/18/2015 5:07:13 PM
heartbeat;C:\Users\Jack\Workspace\Squerrilla Warfare\Repository\Squerrilla Warfare\Assets\Code\NetworkManager.cs;53;4/18/2015 5:07:13 PM
heartbeat;C:\Users\Jack\Workspace\Squerrilla Warfare\Repository\Squerrilla Warfare\Assets\Code\In Game\Squirrell.cs;28;4/18/2015 5:07:41 PM
heartbeat;C:\Users\Jack\Workspace\Squerrilla Warfare\Repository\Squerrilla Warfare\Assets\Code\In Game\Squirrell.cs;11;4/18/2015 5:07:41 PM
heartbeat;C:\Users\Jack\Workspace\Squerrilla Warfare\Repository\Squerrilla Warfare\Assets\Code\NetworkManager.cs;46;4/18/2015 5:07:48 PM
heartbeat;C:\Users\Jack\Workspace\Squerrilla Warfare\Repository\Squerrilla Warfare\Assets\Code\NetworkManager.cs;51;4/18/2015 5:08:12 PM
heartbeat;C:\Users\Jack\Workspace\Squerrilla Warfare\Repository\Squerrilla Warfare\Assets\Code\NetworkManager.cs;42;4/18/2015 5:08:56 PM
heartbeat;C:\Users\Jack\Workspace\Squerrilla Warfare\Repository\Squerrilla Warfare\Assets\Code\NetworkManager.cs;44;4/18/2015 5:09:00 PM
heartbeat;C:\Users\Jack\Workspace\Squerrilla Warfare\Repository\Squerrilla Warfare\Assets\Code\NetworkManager.cs;46;4/18/2015 5:09:08 PM
heartbeat;C:\Users\Jack\Workspace\Squerrilla Warfare\Repository\Squerrilla Warfare\Assets\Code\NetworkManager.cs;26;4/18/2015 5:09:18 PM
heartbeat;C:\Users\Jack\Workspace\Squerrilla Warfare\Repository\Squerrilla Warfare\Assets\Code\NetworkManager.cs;41;4/18/2015 5:09:20 PM
heartbeat;C:\Users\Jack\Workspace\Squerrilla Warfare\Repository\Squerrilla Warfare\Assets\Code\NetworkManager.cs;48;4/18/2015 5:09:23 PM
heartbeat;C:\Users\Jack\Workspace\Squerrilla Warfare\Repository\Squerrilla Warfare\Assets\Code\NetworkManager.cs;44;4/18/2015 5:09:30 PM
heartbeat;C:\Users\Jack\Workspace\Squerrilla Warfare\Repository\Squerrilla Warfare\Assets\Code\NetworkManager.cs;26;4/18/2015 5:09:31 PM
heartbeat;C:\Users\Jack\Workspace\Squerrilla Warfare\Repository\Squerrilla Warfare\Assets\Code\NetworkManager.cs;29;4/18/2015 5:09:56 PM
heartbeat;C:\Users\Jack\Workspace\Squerrilla Warfare\Repository\Squerrilla Warfare\Assets\Code\NetworkManager.cs;27;4/18/2015 5:09:56 PM
heartbeat;C:\Users\Jack\Workspace\Squerrilla Warfare\Repository\Squerrilla Warfare\Assets\Code\NetworkManager.cs;29;4/18/2015 5:10:07 PM
heartbeat;C:\Users\Jack\Workspace\Squerrilla Warfare\Repository\Squerrilla Warfare\Assets\Code\NetworkManager.cs;29;4/18/2015 5:10:10 PM
heartbeat;C:\Users\Jack\Workspace\Squerrilla Warfare\Repository\Squerrilla Warfare\Assets\Code\NetworkManager.cs;45;4/18/2015 5:10:12 PM
heartbeat;C:\Users\Jack\Workspace\Squerrilla Warfare\Repository\Squerrilla Warfare\Assets\Code\NetworkManager.cs;48;4/18/2015 5:10:15 PM
heartbeat;C:\Users\Jack\Workspace\Squerrilla Warfare\Repository\Squerrilla Warfare\Assets\Code\NetworkManager.cs;30;4/18/2015 5:10:17 PM
heartbeat;C:\Users\Jack\Workspace\Squerrilla Warfare\Repository\Squerrilla Warfare\Assets\Code\NetworkManager.cs;49;4/18/2015 5:10:23 PM
heartbeat;C:\Users\Jack\Workspace\Squerrilla Warfare\Repository\Squerrilla Warfare\Assets\Code\NetworkManager.cs;32;4/18/2015 5:10:25 PM
heartbeat;C:\Users\Jack\Workspace\Squerrilla Warfare\Repository\Squerrilla Warfare\Assets\Code\NetworkManager.cs;32;4/18/2015 5:10:26 PM
heartbeat;C:\Users\Jack\Workspace\Squerrilla Warfare\Repository\Squerrilla Warfare\Assets\Code\NetworkManager.cs;35;4/18/2015 5:10:27 PM
heartbeat;C:\Users\Jack\Workspace\Squerrilla Warfare\Repository\Squerrilla Warfare\Assets\Code\NetworkManager.cs;48;4/18/2015 5:10:27 PM
heartbeat;C:\Users\Jack\Workspace\Squerrilla Warfare\Repository\Squerrilla Warfare\Assets\Code\NetworkManager.cs;34;4/18/2015 5:10:39 PM
heartbeat;C:\Users\Jack\Workspace\Squerrilla Warfare\Repository\Squerrilla Warfare\Assets\Code\NetworkManager.cs;62;4/18/2015 5:10:41 PM
heartbeat;C:\Users\Jack\Workspace\Squerrilla Warfare\Repository\Squerrilla Warfare\Assets\Code\NetworkManager.cs;48;4/18/2015 5:11:06 PM
heartbeat;C:\Users\Jack\Workspace\Squerrilla Warfare\Repository\Squerrilla Warfare\Assets\Code\NetworkManager.cs;45;4/18/2015 5:11:11 PM
heartbeat;C:\Users\Jack\Workspace\Squerrilla Warfare\Repository\Squerrilla Warfare\Assets\Code\NetworkManager.cs;31;4/18/2015 5:11:21 PM
heartbeat;C:\Users\Jack\Workspace\Squerrilla Warfare\Repository\Squerrilla Warfare\Assets\Code\NetworkManager.cs;27;4/18/2015 5:11:22 PM
heartbeat;C:\Users\Jack\Workspace\Squerrilla Warfare\Repository\Squerrilla Warfare\Assets\Code\NetworkManager.cs;27;4/18/2015 5:11:26 PM
heartbeat;C:\Users\Jack\Workspace\Squerrilla Warfare\Repository\Squerrilla Warfare\Assets\Code\NetworkManager.cs;35;4/18/2015 5:11:33 PM
heartbeat;C:\Users\Jack\Workspace\Squerrilla Warfare\Repository\Squerrilla Warfare\Assets\Code\NetworkManager.cs;26;4/18/2015 5:11:46 PM
heartbeat;C:\Users\Jack\Workspace\Squerrilla Warfare\Repository\Squerrilla Warfare\Assets\Code\NetworkManager.cs;28;4/18/2015 5:11:46 PM
heartbeat;C:\Users\Jack\Workspace\Squerrilla Warfare\Repository\Squerrilla Warfare\Assets\Code\NetworkManager.cs;29;4/18/2015 5:11:47 PM
heartbeat;C:\Users\Jack\Workspace\Squerrilla Warfare\Repository\Squerrilla Warfare\Assets\Code\NetworkManager.cs;50;4/18/2015 5:11:51 PM
heartbeat;C:\Users\Jack\Workspace\Squerrilla Warfare\Repository\Squerrilla Warfare\Assets\Code\NetworkManager.cs;54;4/18/2015 5:11:58 PM
heartbeat;C:\Users\Jack\Workspace\Squerrilla Warfare\Repository\Squerrilla Warfare\Assets\Code\NetworkManager.cs;54;4/18/2015 5:11:59 PM
heartbeat;C:\Users\Jack\Workspace\Squerrilla Warfare\Repository\Squerrilla Warfare\Assets\Code\NetworkManager.cs;52;4/18/2015 5:12:00 PM
heartbeat;C:\Users\Jack\Workspace\Squerrilla Warfare\Repository\Squerrilla Warfare\Assets\Code\NetworkManager.cs;57;4/18/2015 5:12:01 PM
heartbeat;C:\Users\Jack\Workspace\Squerrilla Warfare\Repository\Squerrilla Warfare\Assets\Code\NetworkManager.cs;52;4/18/2015 5:12:16 PM
heartbeat;C:\Users\Jack\Workspace\Squerrilla Warfare\Repository\Squerrilla Warfare\Assets\Code\NetworkManager.cs;64;4/18/2015 5:12:16 PM
heartbeat;C:\Users\Jack\Workspace\Squerrilla Warfare\Repository\Squerrilla Warfare\Assets\Code\NetworkManager.cs;53;4/18/2015 6:00:37 PM
heartbeat;C:\Users\Jack\Workspace\Squerrilla Warfare\Repository\Squerrilla Warfare\Assets\Code\In Game\Squirrell.cs;31;4/18/2015 6:00:37 PM
heartbeat;C:\Users\Jack\Workspace\Squerrilla Warfare\Repository\Squerrilla Warfare\Assets\Code\NetworkManager.cs;62;4/18/2015 6:00:38 PM
heartbeat;C:\Users\Jack\Workspace\Squerrilla Warfare\Repository\Squerrilla Warfare\Assets\Code\NetworkManager.cs;22;4/18/2015 6:00:40 PM
heartbeat;C:\Users\Jack\Workspace\Squerrilla Warfare\Repository\Squerrilla Warfare\Assets\Code\NetworkManager.cs;10;4/18/2015 6:00:41 PM
heartbeat;C:\Users\Jack\Workspace\Squerrilla Warfare\Repository\Squerrilla Warfare\Assets/Scripts/Movement.cs;85;4/18/2015 6:06:58 PM
heartbeat;C:\Users\Jack\Workspace\Squerrilla Warfare\Repository\Squerrilla Warfare\Assets/Scripts/Movement.cs;78;4/18/2015 6:08:02 PM
heartbeat;C:\Users\Jack\Workspace\Squerrilla Warfare\Repository\Squerrilla Warfare\Assets\Code\NetworkManager.cs;5;4/18/2015 6:08:06 PM
heartbeat;C:\Users\Jack\Workspace\Squerrilla Warfare\Repository\Squerrilla Warfare\Assets\Code\NetworkManager.cs;2;4/18/2015 6:08:07 PM
heartbeat;C:\Users\Jack\Workspace\Squerrilla Warfare\Repository\Squerrilla Warfare\Assets\Code\NetworkManager.cs;2;4/18/2015 6:08:31 PM
heartbeat;C:\Users\Jack\Workspace\Squerrilla Warfare\Repository\Squerrilla Warfare\Assets\Code\In Game\Squirrell.cs;31;4/18/2015 6:08:37 PM
heartbeat;C:\Users\Jack\Workspace\Squerrilla Warfare\Repository\Squerrilla Warfare\Assets\Code\In Game\Squirrell.cs;4;4/18/2015 6:56:05 PM
heartbeat;C:\Users\Jack\Workspace\Squerrilla Warfare\Repository\Squerrilla Warfare\Assets\Code\Dystheism GUI Code\ListDisplay.cs;8;4/18/2015 6:56:11 PM
heartbeat;C:\Users\Jack\Workspace\Squerrilla Warfare\Repository\Squerrilla Warfare\Assets\Code\Dystheism GUI Code\ListDisplay.cs;37;4/18/2015 6:57:40 PM
heartbeat;C:\Users\Jack\Workspace\Squerrilla Warfare\Repository\Squerrilla Warfare\Assets\Code\Dystheism GUI Code\ListDisplay.cs;33;4/18/2015 6:58:32 PM
heartbeat;C:\Users\Jack\Workspace\Squerrilla Warfare\Repository\Squerrilla Warfare\Assets\Code\Dystheism GUI Code\ListDisplay.cs;40;4/18/2015 6:59:01 PM
heartbeat;C:\Users\Jack\Workspace\Squerrilla Warfare\Repository\Squerrilla Warfare\Assets\CameraVert.cs;5;4/18/2015 7:04:49 PM
heartbeat;C:\Users\Jack\Workspace\Squerrilla Warfare\Repository\Squerrilla Warfare\Assets\CameraVert.cs;5;4/18/2015 7:04:54 PM
heartbeat;C:\Users\Jack\Workspace\Squerrilla Warfare\Repository\Squerrilla Warfare\Assets\Code\Dystheism GUI Code\ListDisplay.cs;40;4/18/2015 7:04:54 PM
heartbeat;C:\Users\Jack\Workspace\Squerrilla Warfare\Repository\Squerrilla Warfare\Assets/Scripts/Movement.cs;78;4/18/2015 7:04:54 PM
heartbeat;C:\Users\Jack\Workspace\Squerrilla Warfare\Repository\Squerrilla Warfare\Assets\Code\NetworkManager.cs;2;4/18/2015 7:04:54 PM
heartbeat;C:\Users\Jack\Workspace\Squerrilla Warfare\Repository\Squerrilla Warfare\Assets\Code\Game.cs;19;4/18/2015 7:04:54 PM
heartbeat;C:\Users\Jack\Workspace\Squerrilla Warfare\Repository\Squerrilla Warfare\Assets\Code\Assets.cs;6;4/18/2015 7:04:54 PM
heartbeat;C:\Users\Jack\Workspace\Squerrilla Warfare\Repository\Squerrilla Warfare\Assets\Code\In Game\Squirrell.cs;5;4/18/2015 7:04:55 PM
heartbeat;C:\Users\Jack\Workspace\Squerrilla Warfare\Repository\Squerrilla Warfare\Assets\Code\Utilities.cs;2;4/18/2015 7:04:55 PM
heartbeat;C:\Users\Jack\Workspace\Squerrilla Warfare\Repository\Squerrilla Warfare\Assets\Code\EnumerableExtensions.cs;234;4/18/2015 7:04:55 PM
heartbeat;C:\Users\Jack\Workspace\Unity\Repository\Dystheism\Assets\Code\Utilities\Global.cs;78;4/18/2015 7:04:55 PM
heartbeat;C:\Users\Jack\Workspace\Squerrilla Warfare\Repository\Squerrilla Warfare\Assets/Scripts/Movement.cs;15;4/18/2015 7:05:14 PM
heartbeat;C:\Users\Jack\Workspace\Squerrilla Warfare\Repository\Squerrilla Warfare\Assets\Code\In Game\Squirrell.cs;29;4/18/2015 7:05:33 PM
heartbeat;C:\Users\Jack\Workspace\Squerrilla Warfare\Repository\Squerrilla Warfare\Assets/Scripts/Movement.cs;21;4/18/2015 7:07:42 PM
heartbeat;C:\Users\Jack\Workspace\Squerrilla Warfare\Repository\Squerrilla Warfare\Assets/Scripts/Movement.cs;17;4/18/2015 7:07:43 PM
heartbeat;C:\Users\Jack\Workspace\Squerrilla Warfare\Repository\Squerrilla Warfare\Assets/Scripts/Movement.cs;15;4/18/2015 7:07:43 PM
heartbeat;C:\Users\Jack\Workspace\Squerrilla Warfare\Repository\Squerrilla Warfare\Assets/Scripts/Movement.cs;21;4/18/2015 7:07:48 PM
heartbeat;C:\Users\Jack\Workspace\Squerrilla Warfare\Repository\Squerrilla Warfare\Assets\Code\In Game\Squirrell.cs;16;4/18/2015 7:08:03 PM
heartbeat;C:\Users\Jack\Workspace\Squerrilla Warfare\Repository\Squerrilla Warfare\Assets\Code\In Game\Squirrell.cs;29;4/18/2015 7:09:19 PM
heartbeat;C:\Users\Jack\Workspace\Squerrilla Warfare\Repository\Squerrilla Warfare\Assets\CameraVert.cs;5;4/18/2015 7:09:50 PM
heartbeat;C:\Users\Jack\Workspace\Squerrilla Warfare\Repository\Squerrilla Warfare\Assets\CameraVert.cs;9;4/18/2015 7:09:51 PM
heartbeat;C:\Users\Jack\Workspace\Squerrilla Warfare\Repository\Squerrilla Warfare\Assets\CameraVert.cs;18;4/18/2015 7:15:23 PM
